2016-01-12 11:19:00 - PHP Notice:  Error: Table 'stcart.oc_news' doesn't exist<br />Error No: 1146<br />SELECT COUNT(*) AS total FROM oc_news in C:\xampp\htdocs\VIF\system\library\db\mysqli.php on line 41
2016-01-12 11:19:00 - PHP Notice:  Trying to get property of non-object in C:\xampp\htdocs\VIF\admin\model\extension\news.php on line 86
2016-01-12 11:19:00 - PHP Notice:  Error: Table 'stcart.oc_news' doesn't exist<br />Error No: 1146<br />SELECT * FROM oc_news n LEFT JOIN oc_news_description nd ON n.news_id = nd.news_id WHERE nd.language_id = '1' ORDER BY date_added DESC LIMIT 0,20 in C:\xampp\htdocs\VIF\system\library\db\mysqli.php on line 41
2016-01-12 11:19:00 - PHP Notice:  Trying to get property of non-object in C:\xampp\htdocs\VIF\admin\model\extension\news.php on line 74
2016-01-12 11:19:00 - PHP Warning:  Invalid argument supplied for foreach() in C:\xampp\htdocs\VIF\admin\controller\extension\news.php on line 99
2016-01-12 11:19:16 - PHP Notice:  Error: Table 'stcart.oc_news' doesn't exist<br />Error No: 1146<br />SELECT COUNT(*) AS total FROM oc_news in C:\xampp\htdocs\VIF\system\library\db\mysqli.php on line 41
2016-01-12 11:19:16 - PHP Notice:  Trying to get property of non-object in C:\xampp\htdocs\VIF\admin\model\extension\news.php on line 86
2016-01-12 11:19:16 - PHP Notice:  Error: Table 'stcart.oc_news' doesn't exist<br />Error No: 1146<br />SELECT * FROM oc_news n LEFT JOIN oc_news_description nd ON n.news_id = nd.news_id WHERE nd.language_id = '1' ORDER BY date_added DESC LIMIT 0,20 in C:\xampp\htdocs\VIF\system\library\db\mysqli.php on line 41
2016-01-12 11:19:16 - PHP Notice:  Trying to get property of non-object in C:\xampp\htdocs\VIF\admin\model\extension\news.php on line 74
2016-01-12 11:19:16 - PHP Warning:  Invalid argument supplied for foreach() in C:\xampp\htdocs\VIF\admin\controller\extension\news.php on line 99
2016-01-12 11:21:10 - PHP Notice:  Error: Table 'stcart.oc_news' doesn't exist<br />Error No: 1146<br />SELECT COUNT(*) AS total FROM oc_news in C:\xampp\htdocs\VIF\system\library\db\mysqli.php on line 41
2016-01-12 11:21:10 - PHP Notice:  Trying to get property of non-object in C:\xampp\htdocs\VIF\admin\model\extension\news.php on line 86
2016-01-12 11:21:10 - PHP Notice:  Error: Table 'stcart.oc_news' doesn't exist<br />Error No: 1146<br />SELECT * FROM oc_news n LEFT JOIN oc_news_description nd ON n.news_id = nd.news_id WHERE nd.language_id = '1' ORDER BY date_added DESC LIMIT 0,20 in C:\xampp\htdocs\VIF\system\library\db\mysqli.php on line 41
2016-01-12 11:21:10 - PHP Notice:  Trying to get property of non-object in C:\xampp\htdocs\VIF\admin\model\extension\news.php on line 74
2016-01-12 11:21:10 - PHP Warning:  Invalid argument supplied for foreach() in C:\xampp\htdocs\VIF\admin\controller\extension\news.php on line 99
2016-01-12 11:22:04 - PHP Notice:  Undefined variable: news in C:\xampp\htdocs\VIF\system\storage\modification\catalog\view\theme\default\template\common\footer.tpl on line 27
2016-01-12 11:22:04 - PHP Notice:  Undefined variable: text_news in C:\xampp\htdocs\VIF\system\storage\modification\catalog\view\theme\default\template\common\footer.tpl on line 27
2016-01-12 11:22:40 - PHP Notice:  Undefined variable: news in C:\xampp\htdocs\VIF\system\storage\modification\catalog\view\theme\default\template\common\footer.tpl on line 27
2016-01-12 11:22:40 - PHP Notice:  Undefined variable: text_news in C:\xampp\htdocs\VIF\system\storage\modification\catalog\view\theme\default\template\common\footer.tpl on line 27
2016-01-12 11:22:43 - PHP Notice:  Undefined variable: news in C:\xampp\htdocs\VIF\system\storage\modification\catalog\view\theme\default\template\common\footer.tpl on line 27
2016-01-12 11:22:43 - PHP Notice:  Undefined variable: text_news in C:\xampp\htdocs\VIF\system\storage\modification\catalog\view\theme\default\template\common\footer.tpl on line 27
2016-01-12 11:43:19 - PHP Notice:  Undefined variable: news in C:\xampp\htdocs\VIF\system\storage\modification\catalog\view\theme\default\template\common\footer.tpl on line 27
2016-01-12 11:43:19 - PHP Notice:  Undefined variable: text_news in C:\xampp\htdocs\VIF\system\storage\modification\catalog\view\theme\default\template\common\footer.tpl on line 27
2016-01-12 11:46:15 - PHP Notice:  Undefined variable: news in C:\xampp\htdocs\VIF\system\storage\modification\catalog\view\theme\default\template\common\footer.tpl on line 27
2016-01-12 11:46:15 - PHP Notice:  Undefined variable: text_news in C:\xampp\htdocs\VIF\system\storage\modification\catalog\view\theme\default\template\common\footer.tpl on line 27
2016-01-12 11:46:35 - PHP Notice:  Undefined variable: news in C:\xampp\htdocs\VIF\system\storage\modification\catalog\view\theme\default\template\common\footer.tpl on line 27
2016-01-12 11:46:35 - PHP Notice:  Undefined variable: text_news in C:\xampp\htdocs\VIF\system\storage\modification\catalog\view\theme\default\template\common\footer.tpl on line 27
2016-01-12 11:47:40 - PHP Notice:  Undefined variable: news in C:\xampp\htdocs\VIF\system\storage\modification\catalog\view\theme\default\template\common\footer.tpl on line 27
2016-01-12 11:47:40 - PHP Notice:  Undefined variable: text_news in C:\xampp\htdocs\VIF\system\storage\modification\catalog\view\theme\default\template\common\footer.tpl on line 27
2016-01-12 11:47:52 - PHP Notice:  Undefined variable: news in C:\xampp\htdocs\VIF\system\storage\modification\catalog\view\theme\default\template\common\footer.tpl on line 27
2016-01-12 11:47:52 - PHP Notice:  Undefined variable: text_news in C:\xampp\htdocs\VIF\system\storage\modification\catalog\view\theme\default\template\common\footer.tpl on line 27
2016-01-12 11:48:20 - PHP Notice:  Undefined variable: news in C:\xampp\htdocs\VIF\system\storage\modification\catalog\view\theme\default\template\common\footer.tpl on line 27
2016-01-12 11:48:20 - PHP Notice:  Undefined variable: text_news in C:\xampp\htdocs\VIF\system\storage\modification\catalog\view\theme\default\template\common\footer.tpl on line 27
2016-01-12 11:48:27 - PHP Notice:  Undefined variable: news in C:\xampp\htdocs\VIF\system\storage\modification\catalog\view\theme\default\template\common\footer.tpl on line 27
2016-01-12 11:48:27 - PHP Notice:  Undefined variable: text_news in C:\xampp\htdocs\VIF\system\storage\modification\catalog\view\theme\default\template\common\footer.tpl on line 27
2016-01-12 11:48:30 - PHP Notice:  Undefined variable: news in C:\xampp\htdocs\VIF\system\storage\modification\catalog\view\theme\default\template\common\footer.tpl on line 27
2016-01-12 11:48:30 - PHP Notice:  Undefined variable: text_news in C:\xampp\htdocs\VIF\system\storage\modification\catalog\view\theme\default\template\common\footer.tpl on line 27
2016-01-12 11:48:34 - PHP Notice:  Undefined variable: news in C:\xampp\htdocs\VIF\system\storage\modification\catalog\view\theme\default\template\common\footer.tpl on line 27
2016-01-12 11:48:34 - PHP Notice:  Undefined variable: text_news in C:\xampp\htdocs\VIF\system\storage\modification\catalog\view\theme\default\template\common\footer.tpl on line 27
2016-01-12 11:48:36 - PHP Notice:  Undefined variable: news in C:\xampp\htdocs\VIF\system\storage\modification\catalog\view\theme\default\template\common\footer.tpl on line 27
2016-01-12 11:48:36 - PHP Notice:  Undefined variable: text_news in C:\xampp\htdocs\VIF\system\storage\modification\catalog\view\theme\default\template\common\footer.tpl on line 27
2016-01-12 11:48:53 - PHP Notice:  Undefined variable: news in C:\xampp\htdocs\VIF\system\storage\modification\catalog\view\theme\default\template\common\footer.tpl on line 27
2016-01-12 11:48:53 - PHP Notice:  Undefined variable: text_news in C:\xampp\htdocs\VIF\system\storage\modification\catalog\view\theme\default\template\common\footer.tpl on line 27
2016-01-12 11:50:13 - PHP Notice:  Undefined variable: news in C:\xampp\htdocs\VIF\system\storage\modification\catalog\view\theme\default\template\common\footer.tpl on line 27
2016-01-12 11:50:13 - PHP Notice:  Undefined variable: text_news in C:\xampp\htdocs\VIF\system\storage\modification\catalog\view\theme\default\template\common\footer.tpl on line 27
2016-01-12 11:50:18 - PHP Notice:  Undefined variable: news in C:\xampp\htdocs\VIF\system\storage\modification\catalog\view\theme\default\template\common\footer.tpl on line 27
2016-01-12 11:50:18 - PHP Notice:  Undefined variable: text_news in C:\xampp\htdocs\VIF\system\storage\modification\catalog\view\theme\default\template\common\footer.tpl on line 27
2016-01-12 11:50:21 - PHP Notice:  Undefined variable: news in C:\xampp\htdocs\VIF\system\storage\modification\catalog\view\theme\default\template\common\footer.tpl on line 27
2016-01-12 11:50:21 - PHP Notice:  Undefined variable: text_news in C:\xampp\htdocs\VIF\system\storage\modification\catalog\view\theme\default\template\common\footer.tpl on line 27
2016-01-12 11:50:25 - PHP Notice:  Undefined variable: news in C:\xampp\htdocs\VIF\system\storage\modification\catalog\view\theme\default\template\common\footer.tpl on line 27
2016-01-12 11:50:25 - PHP Notice:  Undefined variable: text_news in C:\xampp\htdocs\VIF\system\storage\modification\catalog\view\theme\default\template\common\footer.tpl on line 27
2016-01-12 11:50:29 - PHP Notice:  Undefined variable: news in C:\xampp\htdocs\VIF\system\storage\modification\catalog\view\theme\default\template\common\footer.tpl on line 27
2016-01-12 11:50:29 - PHP Notice:  Undefined variable: text_news in C:\xampp\htdocs\VIF\system\storage\modification\catalog\view\theme\default\template\common\footer.tpl on line 27
2016-01-12 11:50:36 - PHP Notice:  Undefined variable: news in C:\xampp\htdocs\VIF\system\storage\modification\catalog\view\theme\default\template\common\footer.tpl on line 27
2016-01-12 11:50:36 - PHP Notice:  Undefined variable: text_news in C:\xampp\htdocs\VIF\system\storage\modification\catalog\view\theme\default\template\common\footer.tpl on line 27
2016-01-12 11:51:26 - PHP Notice:  Undefined variable: news in C:\xampp\htdocs\VIF\system\storage\modification\catalog\view\theme\default\template\common\footer.tpl on line 27
2016-01-12 11:51:26 - PHP Notice:  Undefined variable: text_news in C:\xampp\htdocs\VIF\system\storage\modification\catalog\view\theme\default\template\common\footer.tpl on line 27
2016-01-12 11:51:30 - PHP Notice:  Undefined variable: news in C:\xampp\htdocs\VIF\system\storage\modification\catalog\view\theme\default\template\common\footer.tpl on line 27
2016-01-12 11:51:30 - PHP Notice:  Undefined variable: text_news in C:\xampp\htdocs\VIF\system\storage\modification\catalog\view\theme\default\template\common\footer.tpl on line 27
2016-01-12 11:51:39 - PHP Notice:  Undefined variable: news in C:\xampp\htdocs\VIF\system\storage\modification\catalog\view\theme\default\template\common\footer.tpl on line 27
2016-01-12 11:51:39 - PHP Notice:  Undefined variable: text_news in C:\xampp\htdocs\VIF\system\storage\modification\catalog\view\theme\default\template\common\footer.tpl on line 27
2016-01-12 11:51:41 - PHP Notice:  Undefined variable: news in C:\xampp\htdocs\VIF\system\storage\modification\catalog\view\theme\default\template\common\footer.tpl on line 27
2016-01-12 11:51:41 - PHP Notice:  Undefined variable: text_news in C:\xampp\htdocs\VIF\system\storage\modification\catalog\view\theme\default\template\common\footer.tpl on line 27
2016-01-12 11:51:43 - PHP Notice:  Undefined variable: news in C:\xampp\htdocs\VIF\system\storage\modification\catalog\view\theme\default\template\common\footer.tpl on line 27
2016-01-12 11:51:43 - PHP Notice:  Undefined variable: text_news in C:\xampp\htdocs\VIF\system\storage\modification\catalog\view\theme\default\template\common\footer.tpl on line 27
2016-01-12 11:51:59 - PHP Notice:  Undefined variable: news in C:\xampp\htdocs\VIF\system\storage\modification\catalog\view\theme\default\template\common\footer.tpl on line 27
2016-01-12 11:51:59 - PHP Notice:  Undefined variable: text_news in C:\xampp\htdocs\VIF\system\storage\modification\catalog\view\theme\default\template\common\footer.tpl on line 27
2016-01-12 11:52:03 - PHP Notice:  Undefined variable: news in C:\xampp\htdocs\VIF\system\storage\modification\catalog\view\theme\default\template\common\footer.tpl on line 27
2016-01-12 11:52:03 - PHP Notice:  Undefined variable: text_news in C:\xampp\htdocs\VIF\system\storage\modification\catalog\view\theme\default\template\common\footer.tpl on line 27
2016-01-12 11:53:48 - PHP Notice:  Undefined variable: news in C:\xampp\htdocs\VIF\system\storage\modification\catalog\view\theme\default\template\common\footer.tpl on line 27
2016-01-12 11:53:48 - PHP Notice:  Undefined variable: text_news in C:\xampp\htdocs\VIF\system\storage\modification\catalog\view\theme\default\template\common\footer.tpl on line 27
2016-01-12 11:53:50 - PHP Notice:  Undefined variable: news in C:\xampp\htdocs\VIF\system\storage\modification\catalog\view\theme\default\template\common\footer.tpl on line 27
2016-01-12 11:53:50 - PHP Notice:  Undefined variable: text_news in C:\xampp\htdocs\VIF\system\storage\modification\catalog\view\theme\default\template\common\footer.tpl on line 27
2016-01-12 12:02:17 - PHP Notice:  Undefined variable: news in C:\xampp\htdocs\VIF\system\storage\modification\catalog\view\theme\default\template\common\footer.tpl on line 27
2016-01-12 12:02:17 - PHP Notice:  Undefined variable: text_news in C:\xampp\htdocs\VIF\system\storage\modification\catalog\view\theme\default\template\common\footer.tpl on line 27
2016-01-12 12:21:57 - PHP Notice:  Undefined variable: news in C:\xampp\htdocs\VIF\system\storage\modification\catalog\view\theme\default\template\common\footer.tpl on line 27
2016-01-12 12:21:57 - PHP Notice:  Undefined variable: text_news in C:\xampp\htdocs\VIF\system\storage\modification\catalog\view\theme\default\template\common\footer.tpl on line 27
2016-01-12 12:22:01 - PHP Notice:  Error: Could not load model C:/xampp/htdocs/VIF/admin/model/setting/news.php! in C:\xampp\htdocs\VIF\system\storage\modification\system\engine\loader.php on line 63
2016-01-12 12:37:01 - PHP Notice:  Undefined variable: news in C:\xampp\htdocs\VIF\system\storage\modification\catalog\view\theme\default\template\common\footer.tpl on line 27
2016-01-12 12:37:01 - PHP Notice:  Undefined variable: text_news in C:\xampp\htdocs\VIF\system\storage\modification\catalog\view\theme\default\template\common\footer.tpl on line 27
2016-01-12 12:37:17 - PHP Notice:  Undefined variable: news in C:\xampp\htdocs\VIF\system\storage\modification\catalog\view\theme\default\template\common\footer.tpl on line 27
2016-01-12 12:37:17 - PHP Notice:  Undefined variable: text_news in C:\xampp\htdocs\VIF\system\storage\modification\catalog\view\theme\default\template\common\footer.tpl on line 27
2016-01-12 12:37:24 - PHP Notice:  Undefined variable: news in C:\xampp\htdocs\VIF\system\storage\modification\catalog\view\theme\default\template\common\footer.tpl on line 27
2016-01-12 12:37:24 - PHP Notice:  Undefined variable: text_news in C:\xampp\htdocs\VIF\system\storage\modification\catalog\view\theme\default\template\common\footer.tpl on line 27
2016-01-12 12:38:12 - PHP Notice:  Undefined variable: news in C:\xampp\htdocs\VIF\system\storage\modification\catalog\view\theme\default\template\common\footer.tpl on line 27
2016-01-12 12:38:12 - PHP Notice:  Undefined variable: text_news in C:\xampp\htdocs\VIF\system\storage\modification\catalog\view\theme\default\template\common\footer.tpl on line 27
2016-01-12 12:38:31 - PHP Notice:  Undefined variable: news in C:\xampp\htdocs\VIF\system\storage\modification\catalog\view\theme\default\template\common\footer.tpl on line 27
2016-01-12 12:38:31 - PHP Notice:  Undefined variable: text_news in C:\xampp\htdocs\VIF\system\storage\modification\catalog\view\theme\default\template\common\footer.tpl on line 27
2016-01-12 12:38:35 - PHP Notice:  Undefined variable: news in C:\xampp\htdocs\VIF\system\storage\modification\catalog\view\theme\default\template\common\footer.tpl on line 27
2016-01-12 12:38:35 - PHP Notice:  Undefined variable: text_news in C:\xampp\htdocs\VIF\system\storage\modification\catalog\view\theme\default\template\common\footer.tpl on line 27
2016-01-12 12:38:49 - PHP Notice:  Undefined variable: news in C:\xampp\htdocs\VIF\system\storage\modification\catalog\view\theme\default\template\common\footer.tpl on line 27
2016-01-12 12:38:49 - PHP Notice:  Undefined variable: text_news in C:\xampp\htdocs\VIF\system\storage\modification\catalog\view\theme\default\template\common\footer.tpl on line 27
2016-01-12 12:38:58 - PHP Notice:  Undefined variable: news in C:\xampp\htdocs\VIF\system\storage\modification\catalog\view\theme\default\template\common\footer.tpl on line 27
2016-01-12 12:38:58 - PHP Notice:  Undefined variable: text_news in C:\xampp\htdocs\VIF\system\storage\modification\catalog\view\theme\default\template\common\footer.tpl on line 27
2016-01-12 12:40:37 - PHP Notice:  Undefined variable: news in C:\xampp\htdocs\VIF\system\storage\modification\catalog\view\theme\default\template\common\footer.tpl on line 27
2016-01-12 12:40:37 - PHP Notice:  Undefined variable: text_news in C:\xampp\htdocs\VIF\system\storage\modification\catalog\view\theme\default\template\common\footer.tpl on line 27
2016-01-12 12:40:39 - PHP Notice:  Undefined variable: news in C:\xampp\htdocs\VIF\system\storage\modification\catalog\view\theme\default\template\common\footer.tpl on line 27
2016-01-12 12:40:39 - PHP Notice:  Undefined variable: text_news in C:\xampp\htdocs\VIF\system\storage\modification\catalog\view\theme\default\template\common\footer.tpl on line 27
2016-01-12 12:41:19 - PHP Notice:  Undefined variable: news in C:\xampp\htdocs\VIF\system\storage\modification\catalog\view\theme\default\template\common\footer.tpl on line 27
2016-01-12 12:41:19 - PHP Notice:  Undefined variable: text_news in C:\xampp\htdocs\VIF\system\storage\modification\catalog\view\theme\default\template\common\footer.tpl on line 27
2016-01-12 12:41:21 - PHP Notice:  Undefined variable: news in C:\xampp\htdocs\VIF\system\storage\modification\catalog\view\theme\default\template\common\footer.tpl on line 27
2016-01-12 12:41:21 - PHP Notice:  Undefined variable: text_news in C:\xampp\htdocs\VIF\system\storage\modification\catalog\view\theme\default\template\common\footer.tpl on line 27
2016-01-12 12:41:28 - PHP Notice:  Undefined variable: news in C:\xampp\htdocs\VIF\system\storage\modification\catalog\view\theme\default\template\common\footer.tpl on line 27
2016-01-12 12:41:28 - PHP Notice:  Undefined variable: text_news in C:\xampp\htdocs\VIF\system\storage\modification\catalog\view\theme\default\template\common\footer.tpl on line 27
2016-01-12 13:10:24 - PHP Notice:  Undefined variable: news in C:\xampp\htdocs\VIF\system\storage\modification\catalog\view\theme\default\template\common\footer.tpl on line 27
2016-01-12 13:10:24 - PHP Notice:  Undefined variable: text_news in C:\xampp\htdocs\VIF\system\storage\modification\catalog\view\theme\default\template\common\footer.tpl on line 27
2016-01-12 13:11:11 - PHP Notice:  Undefined variable: news in C:\xampp\htdocs\VIF\system\storage\modification\catalog\view\theme\default\template\common\footer.tpl on line 27
2016-01-12 13:11:11 - PHP Notice:  Undefined variable: text_news in C:\xampp\htdocs\VIF\system\storage\modification\catalog\view\theme\default\template\common\footer.tpl on line 27
2016-01-12 13:18:37 - PHP Notice:  Undefined variable: news in C:\xampp\htdocs\VIF\system\storage\modification\catalog\view\theme\default\template\common\footer.tpl on line 27
2016-01-12 13:18:37 - PHP Notice:  Undefined variable: text_news in C:\xampp\htdocs\VIF\system\storage\modification\catalog\view\theme\default\template\common\footer.tpl on line 27
2016-01-12 13:19:08 - PHP Notice:  Undefined variable: news in C:\xampp\htdocs\VIF\system\storage\modification\catalog\view\theme\default\template\common\footer.tpl on line 27
2016-01-12 13:19:08 - PHP Notice:  Undefined variable: text_news in C:\xampp\htdocs\VIF\system\storage\modification\catalog\view\theme\default\template\common\footer.tpl on line 27
2016-01-12 13:20:49 - PHP Notice:  Undefined variable: news in C:\xampp\htdocs\VIF\system\storage\modification\catalog\view\theme\default\template\common\footer.tpl on line 27
2016-01-12 13:20:49 - PHP Notice:  Undefined variable: text_news in C:\xampp\htdocs\VIF\system\storage\modification\catalog\view\theme\default\template\common\footer.tpl on line 27
2016-01-12 14:37:37 - PHP Notice:  Undefined variable: news in C:\xampp\htdocs\VIF\system\storage\modification\catalog\view\theme\default\template\common\footer.tpl on line 27
2016-01-12 14:37:37 - PHP Notice:  Undefined variable: text_news in C:\xampp\htdocs\VIF\system\storage\modification\catalog\view\theme\default\template\common\footer.tpl on line 27
2016-01-18 11:55:22 - PHP Notice:  Undefined variable: news in C:\xampp\htdocs\VIF\system\storage\modification\catalog\view\theme\default\template\common\footer.tpl on line 27
2016-01-18 11:55:22 - PHP Notice:  Undefined variable: text_news in C:\xampp\htdocs\VIF\system\storage\modification\catalog\view\theme\default\template\common\footer.tpl on line 27
2016-01-18 11:59:56 - PHP Notice:  Error: Could not load model C:/xampp/htdocs/VIF/admin/model/sale/customer_group.php! in C:\xampp\htdocs\VIF\system\storage\modification\system\engine\loader.php on line 63
2016-01-18 12:01:59 - PHP Notice:  Undefined variable: news in C:\xampp\htdocs\VIF\system\storage\modification\catalog\view\theme\default\template\common\footer.tpl on line 27
2016-01-18 12:01:59 - PHP Notice:  Undefined variable: text_news in C:\xampp\htdocs\VIF\system\storage\modification\catalog\view\theme\default\template\common\footer.tpl on line 27
2016-01-18 12:02:04 - PHP Notice:  Undefined variable: news in C:\xampp\htdocs\VIF\system\storage\modification\catalog\view\theme\default\template\common\footer.tpl on line 27
2016-01-18 12:02:04 - PHP Notice:  Undefined variable: text_news in C:\xampp\htdocs\VIF\system\storage\modification\catalog\view\theme\default\template\common\footer.tpl on line 27
2016-01-18 12:02:12 - PHP Notice:  Undefined variable: news in C:\xampp\htdocs\VIF\system\storage\modification\catalog\view\theme\default\template\common\footer.tpl on line 27
2016-01-18 12:02:12 - PHP Notice:  Undefined variable: text_news in C:\xampp\htdocs\VIF\system\storage\modification\catalog\view\theme\default\template\common\footer.tpl on line 27
2016-01-18 12:03:20 - PHP Notice:  Undefined variable: news in C:\xampp\htdocs\VIF\system\storage\modification\catalog\view\theme\default\template\common\footer.tpl on line 27
2016-01-18 12:03:20 - PHP Notice:  Undefined variable: text_news in C:\xampp\htdocs\VIF\system\storage\modification\catalog\view\theme\default\template\common\footer.tpl on line 27
2016-01-18 12:03:31 - PHP Notice:  Undefined variable: news in C:\xampp\htdocs\VIF\system\storage\modification\catalog\view\theme\default\template\common\footer.tpl on line 27
2016-01-18 12:03:31 - PHP Notice:  Undefined variable: text_news in C:\xampp\htdocs\VIF\system\storage\modification\catalog\view\theme\default\template\common\footer.tpl on line 27
2016-01-18 12:03:40 - PHP Notice:  Undefined variable: news in C:\xampp\htdocs\VIF\system\storage\modification\catalog\view\theme\default\template\common\footer.tpl on line 27
2016-01-18 12:03:40 - PHP Notice:  Undefined variable: text_news in C:\xampp\htdocs\VIF\system\storage\modification\catalog\view\theme\default\template\common\footer.tpl on line 27
2016-01-18 12:03:48 - PHP Notice:  Undefined variable: news in C:\xampp\htdocs\VIF\system\storage\modification\catalog\view\theme\default\template\common\footer.tpl on line 27
2016-01-18 12:03:48 - PHP Notice:  Undefined variable: text_news in C:\xampp\htdocs\VIF\system\storage\modification\catalog\view\theme\default\template\common\footer.tpl on line 27
2016-01-18 12:04:06 - PHP Notice:  Undefined variable: news in C:\xampp\htdocs\VIF\system\storage\modification\catalog\view\theme\default\template\common\footer.tpl on line 27
2016-01-18 12:04:06 - PHP Notice:  Undefined variable: text_news in C:\xampp\htdocs\VIF\system\storage\modification\catalog\view\theme\default\template\common\footer.tpl on line 27
2016-01-18 12:04:46 - PHP Notice:  Undefined variable: news in C:\xampp\htdocs\VIF\system\storage\modification\catalog\view\theme\default\template\common\footer.tpl on line 27
2016-01-18 12:04:46 - PHP Notice:  Undefined variable: text_news in C:\xampp\htdocs\VIF\system\storage\modification\catalog\view\theme\default\template\common\footer.tpl on line 27
2016-01-18 12:15:44 - PHP Notice:  Undefined variable: news in C:\xampp\htdocs\VIF\system\storage\modification\catalog\view\theme\default\template\common\footer.tpl on line 27
2016-01-18 12:15:44 - PHP Notice:  Undefined variable: text_news in C:\xampp\htdocs\VIF\system\storage\modification\catalog\view\theme\default\template\common\footer.tpl on line 27
2016-01-18 12:16:33 - PHP Notice:  Undefined variable: news in C:\xampp\htdocs\VIF\system\storage\modification\catalog\view\theme\default\template\common\footer.tpl on line 27
2016-01-18 12:16:33 - PHP Notice:  Undefined variable: text_news in C:\xampp\htdocs\VIF\system\storage\modification\catalog\view\theme\default\template\common\footer.tpl on line 27
2016-01-18 12:16:36 - PHP Notice:  Undefined variable: news in C:\xampp\htdocs\VIF\system\storage\modification\catalog\view\theme\default\template\common\footer.tpl on line 27
2016-01-18 12:16:36 - PHP Notice:  Undefined variable: text_news in C:\xampp\htdocs\VIF\system\storage\modification\catalog\view\theme\default\template\common\footer.tpl on line 27
2016-01-18 12:16:42 - PHP Notice:  Undefined variable: news in C:\xampp\htdocs\VIF\system\storage\modification\catalog\view\theme\default\template\common\footer.tpl on line 27
2016-01-18 12:16:42 - PHP Notice:  Undefined variable: text_news in C:\xampp\htdocs\VIF\system\storage\modification\catalog\view\theme\default\template\common\footer.tpl on line 27
2016-01-18 12:17:58 - PHP Notice:  Undefined variable: news in C:\xampp\htdocs\VIF\system\storage\modification\catalog\view\theme\default\template\common\footer.tpl on line 27
2016-01-18 12:17:58 - PHP Notice:  Undefined variable: text_news in C:\xampp\htdocs\VIF\system\storage\modification\catalog\view\theme\default\template\common\footer.tpl on line 27
2016-01-18 12:18:01 - PHP Notice:  Undefined variable: news in C:\xampp\htdocs\VIF\system\storage\modification\catalog\view\theme\default\template\common\footer.tpl on line 27
2016-01-18 12:18:01 - PHP Notice:  Undefined variable: text_news in C:\xampp\htdocs\VIF\system\storage\modification\catalog\view\theme\default\template\common\footer.tpl on line 27
2016-01-18 12:18:11 - PHP Notice:  Undefined variable: news in C:\xampp\htdocs\VIF\system\storage\modification\catalog\view\theme\default\template\common\footer.tpl on line 27
2016-01-18 12:18:11 - PHP Notice:  Undefined variable: text_news in C:\xampp\htdocs\VIF\system\storage\modification\catalog\view\theme\default\template\common\footer.tpl on line 27
2016-01-18 12:18:13 - PHP Notice:  Undefined variable: news in C:\xampp\htdocs\VIF\system\storage\modification\catalog\view\theme\default\template\common\footer.tpl on line 27
2016-01-18 12:18:13 - PHP Notice:  Undefined variable: text_news in C:\xampp\htdocs\VIF\system\storage\modification\catalog\view\theme\default\template\common\footer.tpl on line 27
2016-01-18 12:18:36 - PHP Notice:  Undefined variable: news in C:\xampp\htdocs\VIF\system\storage\modification\catalog\view\theme\default\template\common\footer.tpl on line 27
2016-01-18 12:18:36 - PHP Notice:  Undefined variable: text_news in C:\xampp\htdocs\VIF\system\storage\modification\catalog\view\theme\default\template\common\footer.tpl on line 27
2016-01-18 12:20:21 - PHP Notice:  Undefined variable: news in C:\xampp\htdocs\VIF\system\storage\modification\catalog\view\theme\default\template\common\footer.tpl on line 27
2016-01-18 12:20:21 - PHP Notice:  Undefined variable: text_news in C:\xampp\htdocs\VIF\system\storage\modification\catalog\view\theme\default\template\common\footer.tpl on line 27
2016-01-18 12:20:25 - PHP Notice:  Undefined variable: news in C:\xampp\htdocs\VIF\system\storage\modification\catalog\view\theme\default\template\common\footer.tpl on line 27
2016-01-18 12:20:25 - PHP Notice:  Undefined variable: text_news in C:\xampp\htdocs\VIF\system\storage\modification\catalog\view\theme\default\template\common\footer.tpl on line 27
2016-01-18 12:20:54 - PHP Notice:  Undefined variable: news in C:\xampp\htdocs\VIF\system\storage\modification\catalog\view\theme\default\template\common\footer.tpl on line 27
2016-01-18 12:20:54 - PHP Notice:  Undefined variable: text_news in C:\xampp\htdocs\VIF\system\storage\modification\catalog\view\theme\default\template\common\footer.tpl on line 27
2016-01-18 12:20:56 - PHP Notice:  Undefined variable: news in C:\xampp\htdocs\VIF\system\storage\modification\catalog\view\theme\default\template\common\footer.tpl on line 27
2016-01-18 12:20:56 - PHP Notice:  Undefined variable: text_news in C:\xampp\htdocs\VIF\system\storage\modification\catalog\view\theme\default\template\common\footer.tpl on line 27
2016-01-18 12:21:01 - PHP Notice:  Undefined variable: news in C:\xampp\htdocs\VIF\system\storage\modification\catalog\view\theme\default\template\common\footer.tpl on line 27
2016-01-18 12:21:01 - PHP Notice:  Undefined variable: text_news in C:\xampp\htdocs\VIF\system\storage\modification\catalog\view\theme\default\template\common\footer.tpl on line 27
2016-01-18 12:21:04 - PHP Notice:  Undefined variable: news in C:\xampp\htdocs\VIF\system\storage\modification\catalog\view\theme\default\template\common\footer.tpl on line 27
2016-01-18 12:21:04 - PHP Notice:  Undefined variable: text_news in C:\xampp\htdocs\VIF\system\storage\modification\catalog\view\theme\default\template\common\footer.tpl on line 27
2016-01-18 12:21:08 - PHP Notice:  Undefined variable: news in C:\xampp\htdocs\VIF\system\storage\modification\catalog\view\theme\default\template\common\footer.tpl on line 27
2016-01-18 12:21:08 - PHP Notice:  Undefined variable: text_news in C:\xampp\htdocs\VIF\system\storage\modification\catalog\view\theme\default\template\common\footer.tpl on line 27
2016-01-18 12:22:12 - PHP Notice:  Undefined variable: news in C:\xampp\htdocs\VIF\system\storage\modification\catalog\view\theme\default\template\common\footer.tpl on line 27
2016-01-18 12:22:12 - PHP Notice:  Undefined variable: text_news in C:\xampp\htdocs\VIF\system\storage\modification\catalog\view\theme\default\template\common\footer.tpl on line 27
2016-01-18 12:22:16 - PHP Notice:  Undefined variable: news in C:\xampp\htdocs\VIF\system\storage\modification\catalog\view\theme\default\template\common\footer.tpl on line 27
2016-01-18 12:22:16 - PHP Notice:  Undefined variable: text_news in C:\xampp\htdocs\VIF\system\storage\modification\catalog\view\theme\default\template\common\footer.tpl on line 27
2016-01-18 12:22:19 - PHP Notice:  Undefined variable: news in C:\xampp\htdocs\VIF\system\storage\modification\catalog\view\theme\default\template\common\footer.tpl on line 27
2016-01-18 12:22:19 - PHP Notice:  Undefined variable: text_news in C:\xampp\htdocs\VIF\system\storage\modification\catalog\view\theme\default\template\common\footer.tpl on line 27
2016-01-18 12:23:33 - PHP Notice:  Undefined variable: news in C:\xampp\htdocs\VIF\system\storage\modification\catalog\view\theme\default\template\common\footer.tpl on line 27
2016-01-18 12:23:33 - PHP Notice:  Undefined variable: text_news in C:\xampp\htdocs\VIF\system\storage\modification\catalog\view\theme\default\template\common\footer.tpl on line 27
2016-01-18 12:23:37 - PHP Notice:  Undefined variable: news in C:\xampp\htdocs\VIF\system\storage\modification\catalog\view\theme\default\template\common\footer.tpl on line 27
2016-01-18 12:23:37 - PHP Notice:  Undefined variable: text_news in C:\xampp\htdocs\VIF\system\storage\modification\catalog\view\theme\default\template\common\footer.tpl on line 27
2016-01-18 12:23:39 - PHP Notice:  Undefined variable: news in C:\xampp\htdocs\VIF\system\storage\modification\catalog\view\theme\default\template\common\footer.tpl on line 27
2016-01-18 12:23:39 - PHP Notice:  Undefined variable: text_news in C:\xampp\htdocs\VIF\system\storage\modification\catalog\view\theme\default\template\common\footer.tpl on line 27
2016-01-18 12:25:04 - PHP Notice:  Undefined variable: news in C:\xampp\htdocs\VIF\system\storage\modification\catalog\view\theme\default\template\common\footer.tpl on line 27
2016-01-18 12:25:04 - PHP Notice:  Undefined variable: text_news in C:\xampp\htdocs\VIF\system\storage\modification\catalog\view\theme\default\template\common\footer.tpl on line 27
2016-01-18 12:25:48 - PHP Notice:  Undefined variable: news in C:\xampp\htdocs\VIF\system\storage\modification\catalog\view\theme\default\template\common\footer.tpl on line 27
2016-01-18 12:25:48 - PHP Notice:  Undefined variable: text_news in C:\xampp\htdocs\VIF\system\storage\modification\catalog\view\theme\default\template\common\footer.tpl on line 27
2016-01-18 12:27:43 - PHP Notice:  Undefined variable: news in C:\xampp\htdocs\VIF\system\storage\modification\catalog\view\theme\default\template\common\footer.tpl on line 27
2016-01-18 12:27:43 - PHP Notice:  Undefined variable: text_news in C:\xampp\htdocs\VIF\system\storage\modification\catalog\view\theme\default\template\common\footer.tpl on line 27
2016-01-18 12:27:55 - PHP Notice:  Undefined variable: news in C:\xampp\htdocs\VIF\system\storage\modification\catalog\view\theme\default\template\common\footer.tpl on line 27
2016-01-18 12:27:55 - PHP Notice:  Undefined variable: text_news in C:\xampp\htdocs\VIF\system\storage\modification\catalog\view\theme\default\template\common\footer.tpl on line 27
2016-01-18 12:27:56 - PHP Notice:  Undefined variable: news in C:\xampp\htdocs\VIF\system\storage\modification\catalog\view\theme\default\template\common\footer.tpl on line 27
2016-01-18 12:27:56 - PHP Notice:  Undefined variable: text_news in C:\xampp\htdocs\VIF\system\storage\modification\catalog\view\theme\default\template\common\footer.tpl on line 27
2016-01-18 12:28:05 - PHP Notice:  Undefined variable: news in C:\xampp\htdocs\VIF\system\storage\modification\catalog\view\theme\default\template\common\footer.tpl on line 27
2016-01-18 12:28:05 - PHP Notice:  Undefined variable: text_news in C:\xampp\htdocs\VIF\system\storage\modification\catalog\view\theme\default\template\common\footer.tpl on line 27
2016-01-18 12:28:09 - PHP Notice:  Undefined variable: news in C:\xampp\htdocs\VIF\system\storage\modification\catalog\view\theme\default\template\common\footer.tpl on line 27
2016-01-18 12:28:09 - PHP Notice:  Undefined variable: text_news in C:\xampp\htdocs\VIF\system\storage\modification\catalog\view\theme\default\template\common\footer.tpl on line 27
2016-01-18 12:28:14 - PHP Notice:  Undefined variable: news in C:\xampp\htdocs\VIF\system\storage\modification\catalog\view\theme\default\template\common\footer.tpl on line 27
2016-01-18 12:28:14 - PHP Notice:  Undefined variable: text_news in C:\xampp\htdocs\VIF\system\storage\modification\catalog\view\theme\default\template\common\footer.tpl on line 27
2016-01-18 12:29:11 - PHP Notice:  Undefined variable: news in C:\xampp\htdocs\VIF\system\storage\modification\catalog\view\theme\default\template\common\footer.tpl on line 27
2016-01-18 12:29:11 - PHP Notice:  Undefined variable: text_news in C:\xampp\htdocs\VIF\system\storage\modification\catalog\view\theme\default\template\common\footer.tpl on line 27
2016-01-18 12:29:33 - PHP Notice:  Undefined variable: news in C:\xampp\htdocs\VIF\system\storage\modification\catalog\view\theme\default\template\common\footer.tpl on line 27
2016-01-18 12:29:33 - PHP Notice:  Undefined variable: text_news in C:\xampp\htdocs\VIF\system\storage\modification\catalog\view\theme\default\template\common\footer.tpl on line 27
2016-01-18 12:37:13 - PHP Notice:  Undefined variable: news in C:\xampp\htdocs\VIF\system\storage\modification\catalog\view\theme\default\template\common\footer.tpl on line 27
2016-01-18 12:37:13 - PHP Notice:  Undefined variable: text_news in C:\xampp\htdocs\VIF\system\storage\modification\catalog\view\theme\default\template\common\footer.tpl on line 27
2016-01-18 12:38:30 - PHP Notice:  Undefined variable: news in C:\xampp\htdocs\VIF\system\storage\modification\catalog\view\theme\default\template\common\footer.tpl on line 27
2016-01-18 12:38:30 - PHP Notice:  Undefined variable: text_news in C:\xampp\htdocs\VIF\system\storage\modification\catalog\view\theme\default\template\common\footer.tpl on line 27
2016-01-18 12:38:35 - PHP Notice:  Undefined variable: news in C:\xampp\htdocs\VIF\system\storage\modification\catalog\view\theme\default\template\common\footer.tpl on line 27
2016-01-18 12:38:35 - PHP Notice:  Undefined variable: text_news in C:\xampp\htdocs\VIF\system\storage\modification\catalog\view\theme\default\template\common\footer.tpl on line 27
2016-01-18 12:38:39 - PHP Notice:  Undefined variable: news in C:\xampp\htdocs\VIF\system\storage\modification\catalog\view\theme\default\template\common\footer.tpl on line 27
2016-01-18 12:38:39 - PHP Notice:  Undefined variable: text_news in C:\xampp\htdocs\VIF\system\storage\modification\catalog\view\theme\default\template\common\footer.tpl on line 27
2016-01-18 12:38:45 - PHP Notice:  Undefined variable: news in C:\xampp\htdocs\VIF\system\storage\modification\catalog\view\theme\default\template\common\footer.tpl on line 27
2016-01-18 12:38:45 - PHP Notice:  Undefined variable: text_news in C:\xampp\htdocs\VIF\system\storage\modification\catalog\view\theme\default\template\common\footer.tpl on line 27
2016-01-18 12:41:46 - PHP Notice:  Undefined variable: news in C:\xampp\htdocs\VIF\system\storage\modification\catalog\view\theme\default\template\common\footer.tpl on line 27
2016-01-18 12:41:46 - PHP Notice:  Undefined variable: text_news in C:\xampp\htdocs\VIF\system\storage\modification\catalog\view\theme\default\template\common\footer.tpl on line 27
2016-01-18 12:41:51 - PHP Notice:  Undefined variable: news in C:\xampp\htdocs\VIF\system\storage\modification\catalog\view\theme\default\template\common\footer.tpl on line 27
2016-01-18 12:41:51 - PHP Notice:  Undefined variable: text_news in C:\xampp\htdocs\VIF\system\storage\modification\catalog\view\theme\default\template\common\footer.tpl on line 27
2016-01-18 12:42:27 - PHP Notice:  Undefined variable: news in C:\xampp\htdocs\VIF\system\storage\modification\catalog\view\theme\default\template\common\footer.tpl on line 27
2016-01-18 12:42:27 - PHP Notice:  Undefined variable: text_news in C:\xampp\htdocs\VIF\system\storage\modification\catalog\view\theme\default\template\common\footer.tpl on line 27
2016-01-18 12:43:15 - PHP Notice:  Undefined variable: news in C:\xampp\htdocs\VIF\system\storage\modification\catalog\view\theme\default\template\common\footer.tpl on line 27
2016-01-18 12:43:15 - PHP Notice:  Undefined variable: text_news in C:\xampp\htdocs\VIF\system\storage\modification\catalog\view\theme\default\template\common\footer.tpl on line 27
2016-01-18 12:43:19 - PHP Notice:  Undefined variable: news in C:\xampp\htdocs\VIF\system\storage\modification\catalog\view\theme\default\template\common\footer.tpl on line 27
2016-01-18 12:43:19 - PHP Notice:  Undefined variable: text_news in C:\xampp\htdocs\VIF\system\storage\modification\catalog\view\theme\default\template\common\footer.tpl on line 27
2016-01-18 12:45:30 - PHP Notice:  Undefined variable: news in C:\xampp\htdocs\VIF\system\storage\modification\catalog\view\theme\default\template\common\footer.tpl on line 27
2016-01-18 12:45:30 - PHP Notice:  Undefined variable: text_news in C:\xampp\htdocs\VIF\system\storage\modification\catalog\view\theme\default\template\common\footer.tpl on line 27
2016-01-18 12:46:11 - PHP Notice:  Undefined variable: news in C:\xampp\htdocs\VIF\system\storage\modification\catalog\view\theme\default\template\common\footer.tpl on line 27
2016-01-18 12:46:11 - PHP Notice:  Undefined variable: text_news in C:\xampp\htdocs\VIF\system\storage\modification\catalog\view\theme\default\template\common\footer.tpl on line 27
2016-01-18 12:46:15 - PHP Notice:  Undefined variable: news in C:\xampp\htdocs\VIF\system\storage\modification\catalog\view\theme\default\template\common\footer.tpl on line 27
2016-01-18 12:46:15 - PHP Notice:  Undefined variable: text_news in C:\xampp\htdocs\VIF\system\storage\modification\catalog\view\theme\default\template\common\footer.tpl on line 27
2016-01-18 12:48:52 - PHP Notice:  Undefined variable: news in C:\xampp\htdocs\VIF\system\storage\modification\catalog\view\theme\default\template\common\footer.tpl on line 27
2016-01-18 12:48:52 - PHP Notice:  Undefined variable: text_news in C:\xampp\htdocs\VIF\system\storage\modification\catalog\view\theme\default\template\common\footer.tpl on line 27
2016-01-18 12:48:59 - PHP Notice:  Undefined variable: news in C:\xampp\htdocs\VIF\system\storage\modification\catalog\view\theme\default\template\common\footer.tpl on line 27
2016-01-18 12:48:59 - PHP Notice:  Undefined variable: text_news in C:\xampp\htdocs\VIF\system\storage\modification\catalog\view\theme\default\template\common\footer.tpl on line 27
2016-01-18 12:53:13 - PHP Notice:  Undefined variable: news in C:\xampp\htdocs\VIF\system\storage\modification\catalog\view\theme\default\template\common\footer.tpl on line 27
2016-01-18 12:53:13 - PHP Notice:  Undefined variable: text_news in C:\xampp\htdocs\VIF\system\storage\modification\catalog\view\theme\default\template\common\footer.tpl on line 27
2016-01-18 12:55:17 - PHP Notice:  Undefined variable: news in C:\xampp\htdocs\VIF\system\storage\modification\catalog\view\theme\default\template\common\footer.tpl on line 27
2016-01-18 12:55:17 - PHP Notice:  Undefined variable: text_news in C:\xampp\htdocs\VIF\system\storage\modification\catalog\view\theme\default\template\common\footer.tpl on line 27
2016-01-18 12:55:22 - PHP Notice:  Undefined variable: news in C:\xampp\htdocs\VIF\system\storage\modification\catalog\view\theme\default\template\common\footer.tpl on line 27
2016-01-18 12:55:22 - PHP Notice:  Undefined variable: text_news in C:\xampp\htdocs\VIF\system\storage\modification\catalog\view\theme\default\template\common\footer.tpl on line 27
2016-01-18 12:55:24 - PHP Notice:  Undefined variable: news in C:\xampp\htdocs\VIF\system\storage\modification\catalog\view\theme\default\template\common\footer.tpl on line 27
2016-01-18 12:55:24 - PHP Notice:  Undefined variable: text_news in C:\xampp\htdocs\VIF\system\storage\modification\catalog\view\theme\default\template\common\footer.tpl on line 27
2016-01-18 12:56:22 - PHP Notice:  Undefined variable: news in C:\xampp\htdocs\VIF\system\storage\modification\catalog\view\theme\default\template\common\footer.tpl on line 27
2016-01-18 12:56:22 - PHP Notice:  Undefined variable: text_news in C:\xampp\htdocs\VIF\system\storage\modification\catalog\view\theme\default\template\common\footer.tpl on line 27
2016-01-18 12:56:35 - PHP Notice:  Undefined variable: news in C:\xampp\htdocs\VIF\system\storage\modification\catalog\view\theme\default\template\common\footer.tpl on line 27
2016-01-18 12:56:35 - PHP Notice:  Undefined variable: text_news in C:\xampp\htdocs\VIF\system\storage\modification\catalog\view\theme\default\template\common\footer.tpl on line 27
2016-01-18 12:57:26 - PHP Notice:  Undefined variable: news in C:\xampp\htdocs\VIF\system\storage\modification\catalog\view\theme\default\template\common\footer.tpl on line 27
2016-01-18 12:57:26 - PHP Notice:  Undefined variable: text_news in C:\xampp\htdocs\VIF\system\storage\modification\catalog\view\theme\default\template\common\footer.tpl on line 27
2016-01-18 12:58:10 - PHP Notice:  Undefined variable: news in C:\xampp\htdocs\VIF\system\storage\modification\catalog\view\theme\default\template\common\footer.tpl on line 27
2016-01-18 12:58:10 - PHP Notice:  Undefined variable: text_news in C:\xampp\htdocs\VIF\system\storage\modification\catalog\view\theme\default\template\common\footer.tpl on line 27
2016-01-18 12:58:25 - PHP Notice:  Undefined variable: news in C:\xampp\htdocs\VIF\system\storage\modification\catalog\view\theme\default\template\common\footer.tpl on line 27
2016-01-18 12:58:25 - PHP Notice:  Undefined variable: text_news in C:\xampp\htdocs\VIF\system\storage\modification\catalog\view\theme\default\template\common\footer.tpl on line 27
2016-01-18 12:58:35 - PHP Notice:  Undefined variable: news in C:\xampp\htdocs\VIF\system\storage\modification\catalog\view\theme\default\template\common\footer.tpl on line 27
2016-01-18 12:58:35 - PHP Notice:  Undefined variable: text_news in C:\xampp\htdocs\VIF\system\storage\modification\catalog\view\theme\default\template\common\footer.tpl on line 27
2016-01-18 12:58:38 - PHP Notice:  Undefined variable: news in C:\xampp\htdocs\VIF\system\storage\modification\catalog\view\theme\default\template\common\footer.tpl on line 27
2016-01-18 12:58:38 - PHP Notice:  Undefined variable: text_news in C:\xampp\htdocs\VIF\system\storage\modification\catalog\view\theme\default\template\common\footer.tpl on line 27
2016-01-18 12:58:52 - PHP Notice:  Undefined variable: news in C:\xampp\htdocs\VIF\system\storage\modification\catalog\view\theme\default\template\common\footer.tpl on line 27
2016-01-18 12:58:52 - PHP Notice:  Undefined variable: text_news in C:\xampp\htdocs\VIF\system\storage\modification\catalog\view\theme\default\template\common\footer.tpl on line 27
2016-01-18 12:58:54 - PHP Notice:  Undefined variable: news in C:\xampp\htdocs\VIF\system\storage\modification\catalog\view\theme\default\template\common\footer.tpl on line 27
2016-01-18 12:58:54 - PHP Notice:  Undefined variable: text_news in C:\xampp\htdocs\VIF\system\storage\modification\catalog\view\theme\default\template\common\footer.tpl on line 27
2016-01-18 12:58:59 - PHP Notice:  Undefined variable: news in C:\xampp\htdocs\VIF\system\storage\modification\catalog\view\theme\default\template\common\footer.tpl on line 27
2016-01-18 12:58:59 - PHP Notice:  Undefined variable: text_news in C:\xampp\htdocs\VIF\system\storage\modification\catalog\view\theme\default\template\common\footer.tpl on line 27
2016-01-18 12:59:00 - PHP Notice:  Undefined variable: news in C:\xampp\htdocs\VIF\system\storage\modification\catalog\view\theme\default\template\common\footer.tpl on line 27
2016-01-18 12:59:00 - PHP Notice:  Undefined variable: text_news in C:\xampp\htdocs\VIF\system\storage\modification\catalog\view\theme\default\template\common\footer.tpl on line 27
2016-01-18 12:59:07 - PHP Notice:  Undefined variable: news in C:\xampp\htdocs\VIF\system\storage\modification\catalog\view\theme\default\template\common\footer.tpl on line 27
2016-01-18 12:59:07 - PHP Notice:  Undefined variable: text_news in C:\xampp\htdocs\VIF\system\storage\modification\catalog\view\theme\default\template\common\footer.tpl on line 27
2016-01-18 12:59:10 - PHP Notice:  Undefined variable: news in C:\xampp\htdocs\VIF\system\storage\modification\catalog\view\theme\default\template\common\footer.tpl on line 27
2016-01-18 12:59:10 - PHP Notice:  Undefined variable: text_news in C:\xampp\htdocs\VIF\system\storage\modification\catalog\view\theme\default\template\common\footer.tpl on line 27
2016-01-18 13:00:00 - PHP Notice:  Undefined variable: news in C:\xampp\htdocs\VIF\system\storage\modification\catalog\view\theme\default\template\common\footer.tpl on line 27
2016-01-18 13:00:00 - PHP Notice:  Undefined variable: text_news in C:\xampp\htdocs\VIF\system\storage\modification\catalog\view\theme\default\template\common\footer.tpl on line 27
2016-01-18 13:00:53 - PHP Notice:  Undefined variable: news in C:\xampp\htdocs\VIF\system\storage\modification\catalog\view\theme\default\template\common\footer.tpl on line 27
2016-01-18 13:00:53 - PHP Notice:  Undefined variable: text_news in C:\xampp\htdocs\VIF\system\storage\modification\catalog\view\theme\default\template\common\footer.tpl on line 27
2016-01-18 13:00:57 - PHP Notice:  Undefined variable: news in C:\xampp\htdocs\VIF\system\storage\modification\catalog\view\theme\default\template\common\footer.tpl on line 27
2016-01-18 13:00:57 - PHP Notice:  Undefined variable: text_news in C:\xampp\htdocs\VIF\system\storage\modification\catalog\view\theme\default\template\common\footer.tpl on line 27
2016-01-18 13:01:01 - PHP Notice:  Undefined variable: news in C:\xampp\htdocs\VIF\system\storage\modification\catalog\view\theme\default\template\common\footer.tpl on line 27
2016-01-18 13:01:01 - PHP Notice:  Undefined variable: text_news in C:\xampp\htdocs\VIF\system\storage\modification\catalog\view\theme\default\template\common\footer.tpl on line 27
2016-01-18 13:01:05 - PHP Notice:  Undefined variable: news in C:\xampp\htdocs\VIF\system\storage\modification\catalog\view\theme\default\template\common\footer.tpl on line 27
2016-01-18 13:01:05 - PHP Notice:  Undefined variable: text_news in C:\xampp\htdocs\VIF\system\storage\modification\catalog\view\theme\default\template\common\footer.tpl on line 27
2016-01-18 13:01:27 - PHP Notice:  Undefined variable: news in C:\xampp\htdocs\VIF\system\storage\modification\catalog\view\theme\default\template\common\footer.tpl on line 27
2016-01-18 13:01:27 - PHP Notice:  Undefined variable: text_news in C:\xampp\htdocs\VIF\system\storage\modification\catalog\view\theme\default\template\common\footer.tpl on line 27
2016-01-18 13:04:28 - PHP Notice:  Undefined variable: news in C:\xampp\htdocs\VIF\system\storage\modification\catalog\view\theme\default\template\common\footer.tpl on line 27
2016-01-18 13:04:28 - PHP Notice:  Undefined variable: text_news in C:\xampp\htdocs\VIF\system\storage\modification\catalog\view\theme\default\template\common\footer.tpl on line 27
2016-01-18 13:05:28 - PHP Notice:  Undefined variable: news in C:\xampp\htdocs\VIF\system\storage\modification\catalog\view\theme\default\template\common\footer.tpl on line 27
2016-01-18 13:05:28 - PHP Notice:  Undefined variable: text_news in C:\xampp\htdocs\VIF\system\storage\modification\catalog\view\theme\default\template\common\footer.tpl on line 27
2016-01-18 13:05:37 - PHP Notice:  Undefined variable: news in C:\xampp\htdocs\VIF\system\storage\modification\catalog\view\theme\default\template\common\footer.tpl on line 27
2016-01-18 13:05:37 - PHP Notice:  Undefined variable: text_news in C:\xampp\htdocs\VIF\system\storage\modification\catalog\view\theme\default\template\common\footer.tpl on line 27
2016-01-18 13:06:55 - PHP Notice:  Undefined variable: news in C:\xampp\htdocs\VIF\system\storage\modification\catalog\view\theme\default\template\common\footer.tpl on line 27
2016-01-18 13:06:55 - PHP Notice:  Undefined variable: text_news in C:\xampp\htdocs\VIF\system\storage\modification\catalog\view\theme\default\template\common\footer.tpl on line 27
2016-01-18 13:07:01 - PHP Notice:  Undefined variable: news in C:\xampp\htdocs\VIF\system\storage\modification\catalog\view\theme\default\template\common\footer.tpl on line 27
2016-01-18 13:07:01 - PHP Notice:  Undefined variable: text_news in C:\xampp\htdocs\VIF\system\storage\modification\catalog\view\theme\default\template\common\footer.tpl on line 27
2016-01-18 13:08:56 - PHP Notice:  Undefined variable: news in C:\xampp\htdocs\VIF\system\storage\modification\catalog\view\theme\default\template\common\footer.tpl on line 27
2016-01-18 13:08:56 - PHP Notice:  Undefined variable: text_news in C:\xampp\htdocs\VIF\system\storage\modification\catalog\view\theme\default\template\common\footer.tpl on line 27
2016-01-18 13:09:06 - PHP Notice:  Undefined variable: news in C:\xampp\htdocs\VIF\system\storage\modification\catalog\view\theme\default\template\common\footer.tpl on line 27
2016-01-18 13:09:06 - PHP Notice:  Undefined variable: text_news in C:\xampp\htdocs\VIF\system\storage\modification\catalog\view\theme\default\template\common\footer.tpl on line 27
2016-01-18 13:10:34 - PHP Notice:  Undefined variable: news in C:\xampp\htdocs\VIF\system\storage\modification\catalog\view\theme\default\template\common\footer.tpl on line 27
2016-01-18 13:10:34 - PHP Notice:  Undefined variable: text_news in C:\xampp\htdocs\VIF\system\storage\modification\catalog\view\theme\default\template\common\footer.tpl on line 27
2016-01-18 13:10:39 - PHP Notice:  Undefined variable: news in C:\xampp\htdocs\VIF\system\storage\modification\catalog\view\theme\default\template\common\footer.tpl on line 27
2016-01-18 13:10:39 - PHP Notice:  Undefined variable: text_news in C:\xampp\htdocs\VIF\system\storage\modification\catalog\view\theme\default\template\common\footer.tpl on line 27
2016-01-18 13:10:45 - PHP Notice:  Undefined variable: news in C:\xampp\htdocs\VIF\system\storage\modification\catalog\view\theme\default\template\common\footer.tpl on line 27
2016-01-18 13:10:45 - PHP Notice:  Undefined variable: text_news in C:\xampp\htdocs\VIF\system\storage\modification\catalog\view\theme\default\template\common\footer.tpl on line 27
2016-01-18 13:12:57 - PHP Notice:  Undefined variable: news in C:\xampp\htdocs\VIF\system\storage\modification\catalog\view\theme\default\template\common\footer.tpl on line 27
2016-01-18 13:12:57 - PHP Notice:  Undefined variable: text_news in C:\xampp\htdocs\VIF\system\storage\modification\catalog\view\theme\default\template\common\footer.tpl on line 27
2016-01-18 13:13:16 - PHP Notice:  Undefined variable: news in C:\xampp\htdocs\VIF\system\storage\modification\catalog\view\theme\default\template\common\footer.tpl on line 27
2016-01-18 13:13:16 - PHP Notice:  Undefined variable: text_news in C:\xampp\htdocs\VIF\system\storage\modification\catalog\view\theme\default\template\common\footer.tpl on line 27
2016-01-18 13:14:37 - PHP Notice:  Undefined variable: news in C:\xampp\htdocs\VIF\system\storage\modification\catalog\view\theme\default\template\common\footer.tpl on line 27
2016-01-18 13:14:37 - PHP Notice:  Undefined variable: text_news in C:\xampp\htdocs\VIF\system\storage\modification\catalog\view\theme\default\template\common\footer.tpl on line 27
2016-01-18 13:16:00 - PHP Notice:  Undefined variable: news in C:\xampp\htdocs\VIF\system\storage\modification\catalog\view\theme\default\template\common\footer.tpl on line 27
2016-01-18 13:16:00 - PHP Notice:  Undefined variable: text_news in C:\xampp\htdocs\VIF\system\storage\modification\catalog\view\theme\default\template\common\footer.tpl on line 27
2016-01-18 13:16:05 - PHP Notice:  Undefined variable: news in C:\xampp\htdocs\VIF\system\storage\modification\catalog\view\theme\default\template\common\footer.tpl on line 27
2016-01-18 13:16:05 - PHP Notice:  Undefined variable: text_news in C:\xampp\htdocs\VIF\system\storage\modification\catalog\view\theme\default\template\common\footer.tpl on line 27
2016-01-18 13:16:08 - PHP Notice:  Undefined variable: news in C:\xampp\htdocs\VIF\system\storage\modification\catalog\view\theme\default\template\common\footer.tpl on line 27
2016-01-18 13:16:08 - PHP Notice:  Undefined variable: text_news in C:\xampp\htdocs\VIF\system\storage\modification\catalog\view\theme\default\template\common\footer.tpl on line 27
2016-01-18 13:16:55 - PHP Notice:  Undefined variable: news in C:\xampp\htdocs\VIF\system\storage\modification\catalog\view\theme\default\template\common\footer.tpl on line 27
2016-01-18 13:16:55 - PHP Notice:  Undefined variable: text_news in C:\xampp\htdocs\VIF\system\storage\modification\catalog\view\theme\default\template\common\footer.tpl on line 27
2016-01-18 13:16:59 - PHP Notice:  Undefined variable: news in C:\xampp\htdocs\VIF\system\storage\modification\catalog\view\theme\default\template\common\footer.tpl on line 27
2016-01-18 13:16:59 - PHP Notice:  Undefined variable: text_news in C:\xampp\htdocs\VIF\system\storage\modification\catalog\view\theme\default\template\common\footer.tpl on line 27
2016-01-18 13:31:59 - PHP Notice:  Undefined variable: news in C:\xampp\htdocs\VIF\system\storage\modification\catalog\view\theme\default\template\common\footer.tpl on line 27
2016-01-18 13:31:59 - PHP Notice:  Undefined variable: text_news in C:\xampp\htdocs\VIF\system\storage\modification\catalog\view\theme\default\template\common\footer.tpl on line 27
2016-01-18 13:32:05 - PHP Notice:  Undefined variable: news in C:\xampp\htdocs\VIF\system\storage\modification\catalog\view\theme\default\template\common\footer.tpl on line 27
2016-01-18 13:32:05 - PHP Notice:  Undefined variable: text_news in C:\xampp\htdocs\VIF\system\storage\modification\catalog\view\theme\default\template\common\footer.tpl on line 27
2016-01-18 13:32:07 - PHP Notice:  Undefined variable: news in C:\xampp\htdocs\VIF\system\storage\modification\catalog\view\theme\default\template\common\footer.tpl on line 27
2016-01-18 13:32:07 - PHP Notice:  Undefined variable: text_news in C:\xampp\htdocs\VIF\system\storage\modification\catalog\view\theme\default\template\common\footer.tpl on line 27
2016-01-18 13:32:09 - PHP Notice:  Undefined variable: news in C:\xampp\htdocs\VIF\system\storage\modification\catalog\view\theme\default\template\common\footer.tpl on line 27
2016-01-18 13:32:09 - PHP Notice:  Undefined variable: text_news in C:\xampp\htdocs\VIF\system\storage\modification\catalog\view\theme\default\template\common\footer.tpl on line 27
2016-01-18 13:32:09 - PHP Notice:  Undefined variable: news in C:\xampp\htdocs\VIF\system\storage\modification\catalog\view\theme\default\template\common\footer.tpl on line 27
2016-01-18 13:32:09 - PHP Notice:  Undefined variable: text_news in C:\xampp\htdocs\VIF\system\storage\modification\catalog\view\theme\default\template\common\footer.tpl on line 27
2016-01-18 13:32:11 - PHP Notice:  Undefined variable: news in C:\xampp\htdocs\VIF\system\storage\modification\catalog\view\theme\default\template\common\footer.tpl on line 27
2016-01-18 13:32:11 - PHP Notice:  Undefined variable: text_news in C:\xampp\htdocs\VIF\system\storage\modification\catalog\view\theme\default\template\common\footer.tpl on line 27
2016-01-18 13:32:13 - PHP Notice:  Undefined variable: news in C:\xampp\htdocs\VIF\system\storage\modification\catalog\view\theme\default\template\common\footer.tpl on line 27
2016-01-18 13:32:13 - PHP Notice:  Undefined variable: text_news in C:\xampp\htdocs\VIF\system\storage\modification\catalog\view\theme\default\template\common\footer.tpl on line 27
2016-01-18 13:32:24 - PHP Notice:  Undefined variable: news in C:\xampp\htdocs\VIF\system\storage\modification\catalog\view\theme\default\template\common\footer.tpl on line 27
2016-01-18 13:32:24 - PHP Notice:  Undefined variable: text_news in C:\xampp\htdocs\VIF\system\storage\modification\catalog\view\theme\default\template\common\footer.tpl on line 27
2016-01-18 14:09:22 - PHP Notice:  Undefined variable: news in C:\xampp\htdocs\VIF\system\storage\modification\catalog\view\theme\default\template\common\footer.tpl on line 27
2016-01-18 14:09:22 - PHP Notice:  Undefined variable: text_news in C:\xampp\htdocs\VIF\system\storage\modification\catalog\view\theme\default\template\common\footer.tpl on line 27
2016-01-18 14:09:43 - PHP Notice:  Undefined variable: news in C:\xampp\htdocs\VIF\system\storage\modification\catalog\view\theme\default\template\common\footer.tpl on line 27
2016-01-18 14:09:43 - PHP Notice:  Undefined variable: text_news in C:\xampp\htdocs\VIF\system\storage\modification\catalog\view\theme\default\template\common\footer.tpl on line 27
2016-01-18 14:27:54 - PHP Notice:  Undefined variable: news in C:\xampp\htdocs\VIF\system\storage\modification\catalog\view\theme\default\template\common\footer.tpl on line 27
2016-01-18 14:27:54 - PHP Notice:  Undefined variable: text_news in C:\xampp\htdocs\VIF\system\storage\modification\catalog\view\theme\default\template\common\footer.tpl on line 27
2016-01-18 14:27:58 - PHP Notice:  Undefined variable: news in C:\xampp\htdocs\VIF\system\storage\modification\catalog\view\theme\default\template\common\footer.tpl on line 27
2016-01-18 14:27:58 - PHP Notice:  Undefined variable: text_news in C:\xampp\htdocs\VIF\system\storage\modification\catalog\view\theme\default\template\common\footer.tpl on line 27
2016-01-18 14:29:59 - PHP Notice:  Undefined variable: news in C:\xampp\htdocs\VIF\system\storage\modification\catalog\view\theme\default\template\common\footer.tpl on line 27
2016-01-18 14:29:59 - PHP Notice:  Undefined variable: text_news in C:\xampp\htdocs\VIF\system\storage\modification\catalog\view\theme\default\template\common\footer.tpl on line 27
2016-01-18 14:30:00 - PHP Notice:  Undefined variable: news in C:\xampp\htdocs\VIF\system\storage\modification\catalog\view\theme\default\template\common\footer.tpl on line 27
2016-01-18 14:30:00 - PHP Notice:  Undefined variable: text_news in C:\xampp\htdocs\VIF\system\storage\modification\catalog\view\theme\default\template\common\footer.tpl on line 27
2016-01-18 14:46:05 - PHP Notice:  Undefined variable: news in C:\xampp\htdocs\VIF\system\storage\modification\catalog\view\theme\default\template\common\footer.tpl on line 27
2016-01-18 14:46:05 - PHP Notice:  Undefined variable: text_news in C:\xampp\htdocs\VIF\system\storage\modification\catalog\view\theme\default\template\common\footer.tpl on line 27
2016-01-18 14:46:08 - PHP Notice:  Undefined variable: news in C:\xampp\htdocs\VIF\system\storage\modification\catalog\view\theme\default\template\common\footer.tpl on line 27
2016-01-18 14:46:08 - PHP Notice:  Undefined variable: text_news in C:\xampp\htdocs\VIF\system\storage\modification\catalog\view\theme\default\template\common\footer.tpl on line 27
2016-01-18 14:57:47 - PHP Notice:  Undefined variable: news in C:\xampp\htdocs\VIF\system\storage\modification\catalog\view\theme\default\template\common\footer.tpl on line 27
2016-01-18 14:57:47 - PHP Notice:  Undefined variable: text_news in C:\xampp\htdocs\VIF\system\storage\modification\catalog\view\theme\default\template\common\footer.tpl on line 27
2016-01-18 15:13:28 - PHP Notice:  Undefined variable: news in C:\xampp\htdocs\VIF\system\storage\modification\catalog\view\theme\default\template\common\footer.tpl on line 27
2016-01-18 15:13:28 - PHP Notice:  Undefined variable: text_news in C:\xampp\htdocs\VIF\system\storage\modification\catalog\view\theme\default\template\common\footer.tpl on line 27
2016-01-18 16:00:00 - PHP Notice:  Undefined variable: news in C:\xampp\htdocs\VIF\system\storage\modification\catalog\view\theme\default\template\common\footer.tpl on line 27
2016-01-18 16:00:00 - PHP Notice:  Undefined variable: text_news in C:\xampp\htdocs\VIF\system\storage\modification\catalog\view\theme\default\template\common\footer.tpl on line 27
2016-01-18 16:00:12 - PHP Notice:  Undefined variable: news in C:\xampp\htdocs\VIF\system\storage\modification\catalog\view\theme\default\template\common\footer.tpl on line 27
2016-01-18 16:00:12 - PHP Notice:  Undefined variable: text_news in C:\xampp\htdocs\VIF\system\storage\modification\catalog\view\theme\default\template\common\footer.tpl on line 27
2016-01-18 16:00:35 - PHP Notice:  Undefined variable: news in C:\xampp\htdocs\VIF\system\storage\modification\catalog\view\theme\default\template\common\footer.tpl on line 27
2016-01-18 16:00:35 - PHP Notice:  Undefined variable: text_news in C:\xampp\htdocs\VIF\system\storage\modification\catalog\view\theme\default\template\common\footer.tpl on line 27
2016-01-18 16:01:00 - PHP Notice:  Undefined variable: news in C:\xampp\htdocs\VIF\system\storage\modification\catalog\view\theme\default\template\common\footer.tpl on line 27
2016-01-18 16:01:00 - PHP Notice:  Undefined variable: text_news in C:\xampp\htdocs\VIF\system\storage\modification\catalog\view\theme\default\template\common\footer.tpl on line 27
2016-01-18 16:01:16 - PHP Notice:  Undefined variable: news in C:\xampp\htdocs\VIF\system\storage\modification\catalog\view\theme\default\template\common\footer.tpl on line 27
2016-01-18 16:01:16 - PHP Notice:  Undefined variable: text_news in C:\xampp\htdocs\VIF\system\storage\modification\catalog\view\theme\default\template\common\footer.tpl on line 27
2016-01-18 16:01:38 - PHP Notice:  Undefined variable: news in C:\xampp\htdocs\VIF\system\storage\modification\catalog\view\theme\default\template\common\footer.tpl on line 27
2016-01-18 16:01:38 - PHP Notice:  Undefined variable: text_news in C:\xampp\htdocs\VIF\system\storage\modification\catalog\view\theme\default\template\common\footer.tpl on line 27
2016-01-18 16:02:52 - PHP Notice:  Undefined variable: news in C:\xampp\htdocs\VIF\system\storage\modification\catalog\view\theme\default\template\common\footer.tpl on line 27
2016-01-18 16:02:52 - PHP Notice:  Undefined variable: text_news in C:\xampp\htdocs\VIF\system\storage\modification\catalog\view\theme\default\template\common\footer.tpl on line 27
2016-01-18 16:03:04 - PHP Notice:  Undefined variable: news in C:\xampp\htdocs\VIF\system\storage\modification\catalog\view\theme\default\template\common\footer.tpl on line 27
2016-01-18 16:03:04 - PHP Notice:  Undefined variable: text_news in C:\xampp\htdocs\VIF\system\storage\modification\catalog\view\theme\default\template\common\footer.tpl on line 27
2016-01-18 16:03:09 - PHP Notice:  Undefined variable: news in C:\xampp\htdocs\VIF\system\storage\modification\catalog\view\theme\default\template\common\footer.tpl on line 27
2016-01-18 16:03:09 - PHP Notice:  Undefined variable: text_news in C:\xampp\htdocs\VIF\system\storage\modification\catalog\view\theme\default\template\common\footer.tpl on line 27
2016-01-18 16:03:13 - PHP Notice:  Undefined variable: news in C:\xampp\htdocs\VIF\system\storage\modification\catalog\view\theme\default\template\common\footer.tpl on line 27
2016-01-18 16:03:13 - PHP Notice:  Undefined variable: text_news in C:\xampp\htdocs\VIF\system\storage\modification\catalog\view\theme\default\template\common\footer.tpl on line 27
2016-01-18 16:03:18 - PHP Notice:  Undefined variable: news in C:\xampp\htdocs\VIF\system\storage\modification\catalog\view\theme\default\template\common\footer.tpl on line 27
2016-01-18 16:03:18 - PHP Notice:  Undefined variable: text_news in C:\xampp\htdocs\VIF\system\storage\modification\catalog\view\theme\default\template\common\footer.tpl on line 27
2016-01-18 16:05:38 - PHP Notice:  Undefined variable: news in C:\xampp\htdocs\VIF\system\storage\modification\catalog\view\theme\default\template\common\footer.tpl on line 27
2016-01-18 16:05:38 - PHP Notice:  Undefined variable: text_news in C:\xampp\htdocs\VIF\system\storage\modification\catalog\view\theme\default\template\common\footer.tpl on line 27
2016-01-18 16:05:43 - PHP Notice:  Undefined variable: news in C:\xampp\htdocs\VIF\system\storage\modification\catalog\view\theme\default\template\common\footer.tpl on line 27
2016-01-18 16:05:43 - PHP Notice:  Undefined variable: text_news in C:\xampp\htdocs\VIF\system\storage\modification\catalog\view\theme\default\template\common\footer.tpl on line 27
2016-01-18 16:05:50 - PHP Notice:  Undefined variable: news in C:\xampp\htdocs\VIF\system\storage\modification\catalog\view\theme\default\template\common\footer.tpl on line 27
2016-01-18 16:05:50 - PHP Notice:  Undefined variable: text_news in C:\xampp\htdocs\VIF\system\storage\modification\catalog\view\theme\default\template\common\footer.tpl on line 27
2016-01-18 16:05:52 - PHP Notice:  Undefined variable: news in C:\xampp\htdocs\VIF\system\storage\modification\catalog\view\theme\default\template\common\footer.tpl on line 27
2016-01-18 16:05:52 - PHP Notice:  Undefined variable: text_news in C:\xampp\htdocs\VIF\system\storage\modification\catalog\view\theme\default\template\common\footer.tpl on line 27
2016-01-18 16:06:14 - PHP Notice:  Undefined variable: news in C:\xampp\htdocs\VIF\system\storage\modification\catalog\view\theme\default\template\common\footer.tpl on line 27
2016-01-18 16:06:14 - PHP Notice:  Undefined variable: text_news in C:\xampp\htdocs\VIF\system\storage\modification\catalog\view\theme\default\template\common\footer.tpl on line 27
2016-01-18 16:06:18 - PHP Notice:  Undefined variable: news in C:\xampp\htdocs\VIF\system\storage\modification\catalog\view\theme\default\template\common\footer.tpl on line 27
2016-01-18 16:06:18 - PHP Notice:  Undefined variable: text_news in C:\xampp\htdocs\VIF\system\storage\modification\catalog\view\theme\default\template\common\footer.tpl on line 27
2016-01-18 16:06:23 - PHP Notice:  Undefined variable: news in C:\xampp\htdocs\VIF\system\storage\modification\catalog\view\theme\default\template\common\footer.tpl on line 27
2016-01-18 16:06:23 - PHP Notice:  Undefined variable: text_news in C:\xampp\htdocs\VIF\system\storage\modification\catalog\view\theme\default\template\common\footer.tpl on line 27
2016-01-18 16:06:27 - PHP Notice:  Undefined variable: news in C:\xampp\htdocs\VIF\system\storage\modification\catalog\view\theme\default\template\common\footer.tpl on line 27
2016-01-18 16:06:27 - PHP Notice:  Undefined variable: text_news in C:\xampp\htdocs\VIF\system\storage\modification\catalog\view\theme\default\template\common\footer.tpl on line 27
2016-01-18 16:06:35 - PHP Notice:  Undefined variable: news in C:\xampp\htdocs\VIF\system\storage\modification\catalog\view\theme\default\template\common\footer.tpl on line 27
2016-01-18 16:06:35 - PHP Notice:  Undefined variable: text_news in C:\xampp\htdocs\VIF\system\storage\modification\catalog\view\theme\default\template\common\footer.tpl on line 27
2016-01-18 16:06:38 - PHP Notice:  Undefined variable: news in C:\xampp\htdocs\VIF\system\storage\modification\catalog\view\theme\default\template\common\footer.tpl on line 27
2016-01-18 16:06:38 - PHP Notice:  Undefined variable: text_news in C:\xampp\htdocs\VIF\system\storage\modification\catalog\view\theme\default\template\common\footer.tpl on line 27
2016-01-18 16:06:43 - PHP Notice:  Undefined variable: news in C:\xampp\htdocs\VIF\system\storage\modification\catalog\view\theme\default\template\common\footer.tpl on line 27
2016-01-18 16:06:43 - PHP Notice:  Undefined variable: text_news in C:\xampp\htdocs\VIF\system\storage\modification\catalog\view\theme\default\template\common\footer.tpl on line 27
2016-01-18 16:07:45 - PHP Notice:  Undefined variable: news in C:\xampp\htdocs\VIF\system\storage\modification\catalog\view\theme\default\template\common\footer.tpl on line 27
2016-01-18 16:07:45 - PHP Notice:  Undefined variable: text_news in C:\xampp\htdocs\VIF\system\storage\modification\catalog\view\theme\default\template\common\footer.tpl on line 27
2016-01-18 16:07:49 - PHP Notice:  Undefined variable: news in C:\xampp\htdocs\VIF\system\storage\modification\catalog\view\theme\default\template\common\footer.tpl on line 27
2016-01-18 16:07:49 - PHP Notice:  Undefined variable: text_news in C:\xampp\htdocs\VIF\system\storage\modification\catalog\view\theme\default\template\common\footer.tpl on line 27
2016-01-18 16:07:57 - PHP Notice:  Undefined variable: news in C:\xampp\htdocs\VIF\system\storage\modification\catalog\view\theme\default\template\common\footer.tpl on line 27
2016-01-18 16:07:57 - PHP Notice:  Undefined variable: text_news in C:\xampp\htdocs\VIF\system\storage\modification\catalog\view\theme\default\template\common\footer.tpl on line 27
2016-01-18 16:55:58 - PHP Notice:  Undefined variable: user in C:\xampp\htdocs\VIF\admin\controller\catalog\download.php on line 486
2016-01-18 16:56:13 - PHP Notice:  Undefined variable: user in C:\xampp\htdocs\VIF\admin\controller\catalog\download.php on line 486
2016-01-18 16:56:42 - PHP Notice:  Undefined variable: user in C:\xampp\htdocs\VIF\admin\controller\catalog\download.php on line 486
2016-01-18 17:00:54 - PHP Notice:  Undefined index: user in C:\xampp\htdocs\VIF\admin\controller\catalog\download.php on line 181
2016-01-18 17:00:54 - PHP Notice:  Undefined index: user in C:\xampp\htdocs\VIF\admin\controller\catalog\download.php on line 181
2016-01-18 17:00:54 - PHP Notice:  Undefined index: user in C:\xampp\htdocs\VIF\admin\controller\catalog\download.php on line 181
2016-01-18 17:07:39 - PHP Notice:  Undefined variable: user in C:\xampp\htdocs\VIF\admin\view\template\catalog\download_form.tpl on line 69
2016-01-18 17:08:36 - PHP Notice:  Undefined variable: user in C:\xampp\htdocs\VIF\admin\view\template\catalog\download_form.tpl on line 69
2016-01-18 17:09:01 - PHP Notice:  Undefined variable: user in C:\xampp\htdocs\VIF\admin\view\template\catalog\download_form.tpl on line 69
2016-01-18 17:09:05 - PHP Notice:  Undefined variable: user in C:\xampp\htdocs\VIF\admin\view\template\catalog\download_form.tpl on line 69
2016-01-18 17:09:11 - PHP Notice:  Undefined variable: user in C:\xampp\htdocs\VIF\admin\view\template\catalog\download_form.tpl on line 69
2016-01-18 17:10:03 - PHP Notice:  Undefined variable: user in C:\xampp\htdocs\VIF\admin\view\template\catalog\download_form.tpl on line 69
2016-01-18 17:10:57 - PHP Notice:  Undefined variable: user in C:\xampp\htdocs\VIF\admin\view\template\catalog\download_form.tpl on line 69
2016-01-18 17:11:19 - PHP Notice:  Undefined variable: user in C:\xampp\htdocs\VIF\admin\view\template\catalog\download_form.tpl on line 69
2016-01-18 17:14:56 - PHP Notice:  Undefined variable: user in C:\xampp\htdocs\VIF\admin\view\template\catalog\download_form.tpl on line 69
2016-01-18 17:16:52 - PHP Notice:  Undefined index: user in C:\xampp\htdocs\VIF\admin\controller\catalog\download.php on line 389
2016-01-18 17:16:59 - PHP Notice:  Undefined index: user in C:\xampp\htdocs\VIF\admin\controller\catalog\download.php on line 389
2016-01-18 17:57:42 - PHP Notice:  Array to string conversion in C:\xampp\htdocs\VIF\admin\view\template\catalog\download_form.tpl on line 80
2016-01-18 17:57:42 - PHP Notice:  Array to string conversion in C:\xampp\htdocs\VIF\admin\view\template\catalog\download_form.tpl on line 80
2016-01-18 17:57:42 - PHP Notice:  Array to string conversion in C:\xampp\htdocs\VIF\admin\view\template\catalog\download_form.tpl on line 88
2016-01-18 17:58:02 - PHP Notice:  Array to string conversion in C:\xampp\htdocs\VIF\admin\view\template\catalog\download_form.tpl on line 88
2016-01-18 18:04:30 - PHP Notice:  Array to string conversion in C:\xampp\htdocs\VIF\admin\view\template\catalog\download_form.tpl on line 88
2016-01-18 18:18:52 - PHP Notice:  Undefined variable: costumers in C:\xampp\htdocs\VIF\admin\view\template\catalog\download_form.tpl on line 79
2016-01-18 18:18:52 - PHP Warning:  Invalid argument supplied for foreach() in C:\xampp\htdocs\VIF\admin\view\template\catalog\download_form.tpl on line 79
2016-01-18 18:19:55 - PHP Notice:  Array to string conversion in C:\xampp\htdocs\VIF\admin\view\template\catalog\download_form.tpl on line 88
2016-01-18 18:20:59 - PHP Notice:  Array to string conversion in C:\xampp\htdocs\VIF\admin\view\template\catalog\download_form.tpl on line 88
2016-01-18 18:24:43 - PHP Notice:  Array to string conversion in C:\xampp\htdocs\VIF\admin\view\template\catalog\download_form.tpl on line 88
2016-01-18 18:25:10 - PHP Notice:  Undefined variable: costumers in C:\xampp\htdocs\VIF\admin\view\template\catalog\download_form.tpl on line 79
2016-01-18 18:25:10 - PHP Warning:  Invalid argument supplied for foreach() in C:\xampp\htdocs\VIF\admin\view\template\catalog\download_form.tpl on line 79
2016-01-18 18:25:15 - PHP Notice:  Undefined variable: costumers in C:\xampp\htdocs\VIF\admin\view\template\catalog\download_form.tpl on line 79
2016-01-18 18:25:15 - PHP Warning:  Invalid argument supplied for foreach() in C:\xampp\htdocs\VIF\admin\view\template\catalog\download_form.tpl on line 79
2016-01-18 18:25:45 - PHP Notice:  Array to string conversion in C:\xampp\htdocs\VIF\admin\view\template\catalog\download_form.tpl on line 88
2016-01-18 18:26:16 - PHP Notice:  Array to string conversion in C:\xampp\htdocs\VIF\admin\view\template\catalog\download_form.tpl on line 88
2016-01-18 18:26:52 - PHP Notice:  Array to string conversion in C:\xampp\htdocs\VIF\admin\view\template\catalog\download_form.tpl on line 88
2016-01-18 18:27:21 - PHP Notice:  Array to string conversion in C:\xampp\htdocs\VIF\admin\view\template\catalog\download_form.tpl on line 88
2016-01-18 18:27:29 - PHP Notice:  Array to string conversion in C:\xampp\htdocs\VIF\admin\view\template\catalog\download_form.tpl on line 88
2016-01-18 18:28:06 - PHP Notice:  Array to string conversion in C:\xampp\htdocs\VIF\admin\view\template\catalog\download_form.tpl on line 88
2016-01-18 18:29:24 - PHP Notice:  Array to string conversion in C:\xampp\htdocs\VIF\admin\view\template\catalog\download_form.tpl on line 88
2016-01-18 18:29:51 - PHP Notice:  Array to string conversion in C:\xampp\htdocs\VIF\admin\view\template\catalog\download_form.tpl on line 88
2016-01-18 18:29:52 - PHP Notice:  Array to string conversion in C:\xampp\htdocs\VIF\admin\view\template\catalog\download_form.tpl on line 88
2016-01-18 18:30:21 - PHP Notice:  Array to string conversion in C:\xampp\htdocs\VIF\admin\view\template\catalog\download_form.tpl on line 88
2016-01-18 18:32:55 - PHP Notice:  Array to string conversion in C:\xampp\htdocs\VIF\admin\view\template\catalog\download_form.tpl on line 89
2016-01-18 18:34:16 - PHP Notice:  Undefined index: user_group in C:\xampp\htdocs\VIF\admin\controller\catalog\download.php on line 406
2016-01-18 18:34:16 - PHP Notice:  Undefined index: user_group in C:\xampp\htdocs\VIF\admin\controller\catalog\download.php on line 406
2016-01-18 18:34:16 - PHP Notice:  Undefined index: userName in C:\xampp\htdocs\VIF\admin\view\template\catalog\download_form.tpl on line 80
2016-01-18 18:34:16 - PHP Notice:  Undefined index: userName in C:\xampp\htdocs\VIF\admin\view\template\catalog\download_form.tpl on line 80
2016-01-18 18:34:16 - PHP Notice:  Array to string conversion in C:\xampp\htdocs\VIF\admin\view\template\catalog\download_form.tpl on line 88
2016-01-18 18:34:41 - PHP Notice:  Undefined index: user_group in C:\xampp\htdocs\VIF\admin\controller\catalog\download.php on line 406
2016-01-18 18:34:41 - PHP Notice:  Undefined index: user_group in C:\xampp\htdocs\VIF\admin\controller\catalog\download.php on line 406
2016-01-18 18:34:41 - PHP Notice:  Array to string conversion in C:\xampp\htdocs\VIF\admin\view\template\catalog\download_form.tpl on line 88
2016-01-18 18:35:01 - PHP Notice:  Undefined index: user_group in C:\xampp\htdocs\VIF\admin\controller\catalog\download.php on line 406
2016-01-18 18:35:01 - PHP Notice:  Undefined index: user_group in C:\xampp\htdocs\VIF\admin\controller\catalog\download.php on line 406
2016-01-18 18:35:01 - PHP Notice:  Undefined index: user_group in C:\xampp\htdocs\VIF\admin\controller\catalog\download.php on line 406
2016-01-18 18:35:01 - PHP Notice:  Undefined index: user_group in C:\xampp\htdocs\VIF\admin\controller\catalog\download.php on line 406
2016-01-18 18:35:01 - PHP Notice:  Undefined index: user_group in C:\xampp\htdocs\VIF\admin\controller\catalog\download.php on line 406
2016-01-18 18:35:01 - PHP Notice:  Undefined index: user_group in C:\xampp\htdocs\VIF\admin\controller\catalog\download.php on line 406
2016-01-18 18:35:01 - PHP Notice:  Array to string conversion in C:\xampp\htdocs\VIF\admin\view\template\catalog\download_form.tpl on line 88
2016-01-18 18:35:31 - PHP Notice:  Undefined index: user_group in C:\xampp\htdocs\VIF\admin\controller\catalog\download.php on line 406
2016-01-18 18:35:31 - PHP Notice:  Undefined index: user_group in C:\xampp\htdocs\VIF\admin\controller\catalog\download.php on line 420
2016-01-18 18:35:31 - PHP Notice:  Undefined index: user_group in C:\xampp\htdocs\VIF\admin\controller\catalog\download.php on line 406
2016-01-18 18:35:31 - PHP Notice:  Undefined index: user_group in C:\xampp\htdocs\VIF\admin\controller\catalog\download.php on line 420
2016-01-18 18:35:31 - PHP Notice:  Undefined index: user_group in C:\xampp\htdocs\VIF\admin\controller\catalog\download.php on line 406
2016-01-18 18:35:31 - PHP Notice:  Undefined index: user_group in C:\xampp\htdocs\VIF\admin\controller\catalog\download.php on line 420
2016-01-18 18:35:31 - PHP Notice:  Undefined index: user_group in C:\xampp\htdocs\VIF\admin\controller\catalog\download.php on line 406
2016-01-18 18:35:31 - PHP Notice:  Undefined index: user_group in C:\xampp\htdocs\VIF\admin\controller\catalog\download.php on line 420
2016-01-18 18:35:31 - PHP Notice:  Undefined index: user_group in C:\xampp\htdocs\VIF\admin\controller\catalog\download.php on line 406
2016-01-18 18:35:31 - PHP Notice:  Undefined index: user_group in C:\xampp\htdocs\VIF\admin\controller\catalog\download.php on line 420
2016-01-18 18:35:31 - PHP Notice:  Undefined index: user_group in C:\xampp\htdocs\VIF\admin\controller\catalog\download.php on line 406
2016-01-18 18:35:31 - PHP Notice:  Undefined index: user_group in C:\xampp\htdocs\VIF\admin\controller\catalog\download.php on line 420
2016-01-18 18:35:31 - PHP Notice:  Array to string conversion in C:\xampp\htdocs\VIF\admin\view\template\catalog\download_form.tpl on line 88
2016-01-18 18:36:35 - PHP Notice:  Array to string conversion in C:\xampp\htdocs\VIF\admin\view\template\catalog\download_form.tpl on line 88
2016-01-18 18:36:47 - PHP Notice:  Array to string conversion in C:\xampp\htdocs\VIF\admin\view\template\catalog\download_form.tpl on line 88
2016-01-18 18:40:50 - PHP Notice:  Array to string conversion in C:\xampp\htdocs\VIF\admin\view\template\catalog\download_form.tpl on line 88
2016-01-18 18:45:16 - PHP Notice:  Array to string conversion in C:\xampp\htdocs\VIF\admin\view\template\catalog\download_form.tpl on line 88
2016-01-18 18:45:27 - PHP Notice:  Array to string conversion in C:\xampp\htdocs\VIF\admin\view\template\catalog\download_form.tpl on line 88
2016-01-18 18:46:36 - PHP Notice:  Array to string conversion in C:\xampp\htdocs\VIF\admin\view\template\catalog\download_form.tpl on line 88
2016-01-19 12:34:11 - PHP Notice:  Undefined variable: news in C:\xampp\htdocs\VIF\system\storage\modification\catalog\view\theme\default\template\common\footer.tpl on line 27
2016-01-19 12:34:11 - PHP Notice:  Undefined variable: text_news in C:\xampp\htdocs\VIF\system\storage\modification\catalog\view\theme\default\template\common\footer.tpl on line 27
2016-01-19 12:41:12 - PHP Warning:  Illegal string offset 'download_id' in C:\xampp\htdocs\VIF\admin\controller\catalog\download.php on line 391
2016-01-19 12:41:12 - PHP Warning:  Illegal string offset 'name' in C:\xampp\htdocs\VIF\admin\controller\catalog\download.php on line 392
2016-01-19 12:41:12 - PHP Warning:  Illegal string offset 'user_group' in C:\xampp\htdocs\VIF\admin\controller\catalog\download.php on line 393
2016-01-19 12:41:12 - PHP Warning:  Illegal string offset 'download_id' in C:\xampp\htdocs\VIF\admin\controller\catalog\download.php on line 391
2016-01-19 12:41:12 - PHP Warning:  Illegal string offset 'name' in C:\xampp\htdocs\VIF\admin\controller\catalog\download.php on line 392
2016-01-19 12:41:12 - PHP Warning:  Illegal string offset 'user_group' in C:\xampp\htdocs\VIF\admin\controller\catalog\download.php on line 393
2016-01-19 12:41:12 - PHP Warning:  Illegal string offset 'download_id' in C:\xampp\htdocs\VIF\admin\controller\catalog\download.php on line 391
2016-01-19 12:41:12 - PHP Warning:  Illegal string offset 'name' in C:\xampp\htdocs\VIF\admin\controller\catalog\download.php on line 392
2016-01-19 12:41:12 - PHP Warning:  Illegal string offset 'user_group' in C:\xampp\htdocs\VIF\admin\controller\catalog\download.php on line 393
2016-01-19 12:41:12 - PHP Warning:  Illegal string offset 'download_id' in C:\xampp\htdocs\VIF\admin\controller\catalog\download.php on line 391
2016-01-19 12:41:12 - PHP Warning:  Illegal string offset 'name' in C:\xampp\htdocs\VIF\admin\controller\catalog\download.php on line 392
2016-01-19 12:41:12 - PHP Warning:  Illegal string offset 'user_group' in C:\xampp\htdocs\VIF\admin\controller\catalog\download.php on line 393
2016-01-19 12:41:12 - PHP Warning:  Illegal string offset 'download_id' in C:\xampp\htdocs\VIF\admin\controller\catalog\download.php on line 391
2016-01-19 12:41:12 - PHP Warning:  Illegal string offset 'name' in C:\xampp\htdocs\VIF\admin\controller\catalog\download.php on line 392
2016-01-19 12:41:12 - PHP Warning:  Illegal string offset 'user_group' in C:\xampp\htdocs\VIF\admin\controller\catalog\download.php on line 393
2016-01-19 12:41:12 - PHP Warning:  Illegal string offset 'download_id' in C:\xampp\htdocs\VIF\admin\controller\catalog\download.php on line 391
2016-01-19 12:41:12 - PHP Warning:  Illegal string offset 'name' in C:\xampp\htdocs\VIF\admin\controller\catalog\download.php on line 392
2016-01-19 12:41:12 - PHP Warning:  Illegal string offset 'user_group' in C:\xampp\htdocs\VIF\admin\controller\catalog\download.php on line 393
2016-01-19 12:41:12 - PHP Warning:  Illegal string offset 'download_id' in C:\xampp\htdocs\VIF\admin\controller\catalog\download.php on line 391
2016-01-19 12:41:12 - PHP Warning:  Illegal string offset 'name' in C:\xampp\htdocs\VIF\admin\controller\catalog\download.php on line 392
2016-01-19 12:41:12 - PHP Warning:  Illegal string offset 'user_group' in C:\xampp\htdocs\VIF\admin\controller\catalog\download.php on line 393
2016-01-19 12:41:13 - PHP Warning:  Illegal string offset 'user_group' in C:\xampp\htdocs\VIF\admin\controller\catalog\download.php on line 408
2016-01-19 12:41:13 - PHP Warning:  Illegal string offset 'user_group' in C:\xampp\htdocs\VIF\admin\controller\catalog\download.php on line 410
2016-01-19 12:41:13 - PHP Notice:  Array to string conversion in C:\xampp\htdocs\VIF\admin\view\template\catalog\download_form.tpl on line 88
2016-01-19 12:42:03 - PHP Notice:  Undefined variable: one in C:\xampp\htdocs\VIF\admin\controller\catalog\download.php on line 401
2016-01-19 12:42:03 - PHP Notice:  Undefined variable: one in C:\xampp\htdocs\VIF\admin\controller\catalog\download.php on line 403
2016-01-19 12:42:03 - PHP Notice:  Array to string conversion in C:\xampp\htdocs\VIF\admin\view\template\catalog\download_form.tpl on line 88
2016-01-19 12:42:33 - PHP Notice:  Array to string conversion in C:\xampp\htdocs\VIF\admin\view\template\catalog\download_form.tpl on line 88
2016-01-19 12:43:23 - PHP Notice:  Array to string conversion in C:\xampp\htdocs\VIF\admin\view\template\catalog\download_form.tpl on line 88
2016-01-19 12:43:29 - PHP Notice:  Array to string conversion in C:\xampp\htdocs\VIF\admin\view\template\catalog\download_form.tpl on line 88
2016-01-19 12:43:34 - PHP Notice:  Array to string conversion in C:\xampp\htdocs\VIF\admin\view\template\catalog\download_form.tpl on line 88
2016-01-19 12:53:38 - PHP Notice:  Undefined variable: news in C:\xampp\htdocs\VIF\system\storage\modification\catalog\view\theme\default\template\common\footer.tpl on line 27
2016-01-19 12:53:38 - PHP Notice:  Undefined variable: text_news in C:\xampp\htdocs\VIF\system\storage\modification\catalog\view\theme\default\template\common\footer.tpl on line 27
2016-01-19 12:57:59 - PHP Notice:  Undefined index: user in C:\xampp\htdocs\VIF\admin\model\catalog\download.php on line 24
2016-01-19 13:06:45 - PHP Notice:  Undefined index: download_id in C:\xampp\htdocs\VIF\admin\controller\catalog\download.php on line 387
2016-01-19 13:06:45 - PHP Notice:  Undefined index: user_group in C:\xampp\htdocs\VIF\admin\controller\catalog\download.php on line 399
2016-01-19 13:06:45 - PHP Notice:  Undefined index: user_group in C:\xampp\htdocs\VIF\admin\controller\catalog\download.php on line 399
2016-01-19 13:08:17 - PHP Notice:  Undefined variable: down in C:\xampp\htdocs\VIF\admin\controller\catalog\download.php on line 399
2016-01-19 13:08:17 - PHP Notice:  Undefined variable: down in C:\xampp\htdocs\VIF\admin\controller\catalog\download.php on line 399
2016-01-19 13:08:24 - PHP Notice:  Undefined variable: down in C:\xampp\htdocs\VIF\admin\controller\catalog\download.php on line 399
2016-01-19 13:08:24 - PHP Notice:  Undefined variable: down in C:\xampp\htdocs\VIF\admin\controller\catalog\download.php on line 399
2016-01-19 13:15:36 - PHP Notice:  Undefined variable: user in C:\xampp\htdocs\VIF\admin\view\template\catalog\download_form.tpl on line 69
2016-01-19 13:15:49 - PHP Notice:  Undefined variable: user in C:\xampp\htdocs\VIF\admin\view\template\catalog\download_form.tpl on line 69
2016-01-19 13:15:59 - PHP Notice:  Undefined variable: user in C:\xampp\htdocs\VIF\admin\view\template\catalog\download_form.tpl on line 69
2016-01-19 13:16:59 - PHP Notice:  Undefined variable: user in C:\xampp\htdocs\VIF\admin\view\template\catalog\download_form.tpl on line 69
2016-01-19 13:17:06 - PHP Notice:  Undefined variable: user in C:\xampp\htdocs\VIF\admin\view\template\catalog\download_form.tpl on line 69
2016-01-19 13:37:59 - PHP Notice:  Undefined variable: user in C:\xampp\htdocs\VIF\admin\view\template\catalog\download_form.tpl on line 69
2016-01-19 13:38:20 - PHP Notice:  Undefined variable: user in C:\xampp\htdocs\VIF\admin\view\template\catalog\download_form.tpl on line 69
2016-01-19 14:27:12 - PHP Notice:  Undefined index: user in C:\xampp\htdocs\VIF\admin\model\catalog\download.php on line 24
2016-01-19 14:27:21 - PHP Warning:  Invalid argument supplied for foreach() in C:\xampp\htdocs\VIF\admin\controller\catalog\download.php on line 397
2016-01-19 14:27:21 - PHP Warning:  Invalid argument supplied for foreach() in C:\xampp\htdocs\VIF\admin\controller\catalog\download.php on line 397
2016-01-19 14:27:21 - PHP Notice:  Undefined variable: costumers in C:\xampp\htdocs\VIF\admin\view\template\catalog\download_form.tpl on line 79
2016-01-19 14:27:21 - PHP Warning:  Invalid argument supplied for foreach() in C:\xampp\htdocs\VIF\admin\view\template\catalog\download_form.tpl on line 79
2016-01-19 14:28:06 - PHP Warning:  Invalid argument supplied for foreach() in C:\xampp\htdocs\VIF\admin\controller\catalog\download.php on line 397
2016-01-19 14:28:06 - PHP Warning:  Invalid argument supplied for foreach() in C:\xampp\htdocs\VIF\admin\controller\catalog\download.php on line 397
2016-01-19 14:28:06 - PHP Notice:  Undefined variable: costumers in C:\xampp\htdocs\VIF\admin\view\template\catalog\download_form.tpl on line 79
2016-01-19 14:28:06 - PHP Warning:  Invalid argument supplied for foreach() in C:\xampp\htdocs\VIF\admin\view\template\catalog\download_form.tpl on line 79
2016-01-19 14:28:12 - PHP Warning:  Invalid argument supplied for foreach() in C:\xampp\htdocs\VIF\admin\controller\catalog\download.php on line 397
2016-01-19 14:28:12 - PHP Warning:  Invalid argument supplied for foreach() in C:\xampp\htdocs\VIF\admin\controller\catalog\download.php on line 397
2016-01-19 14:28:13 - PHP Notice:  Undefined variable: costumers in C:\xampp\htdocs\VIF\admin\view\template\catalog\download_form.tpl on line 79
2016-01-19 14:28:13 - PHP Warning:  Invalid argument supplied for foreach() in C:\xampp\htdocs\VIF\admin\view\template\catalog\download_form.tpl on line 79
2016-01-19 14:29:27 - PHP Warning:  Invalid argument supplied for foreach() in C:\xampp\htdocs\VIF\admin\controller\catalog\download.php on line 397
2016-01-19 14:29:27 - PHP Warning:  Invalid argument supplied for foreach() in C:\xampp\htdocs\VIF\admin\controller\catalog\download.php on line 397
2016-01-19 14:29:27 - PHP Notice:  Undefined variable: costumers in C:\xampp\htdocs\VIF\admin\view\template\catalog\download_form.tpl on line 79
2016-01-19 14:29:27 - PHP Warning:  Invalid argument supplied for foreach() in C:\xampp\htdocs\VIF\admin\view\template\catalog\download_form.tpl on line 79
2016-01-19 14:29:51 - PHP Warning:  Invalid argument supplied for foreach() in C:\xampp\htdocs\VIF\admin\controller\catalog\download.php on line 397
2016-01-19 14:29:51 - PHP Warning:  Invalid argument supplied for foreach() in C:\xampp\htdocs\VIF\admin\controller\catalog\download.php on line 397
2016-01-19 14:29:51 - PHP Notice:  Undefined variable: costumers in C:\xampp\htdocs\VIF\admin\view\template\catalog\download_form.tpl on line 79
2016-01-19 14:29:51 - PHP Warning:  Invalid argument supplied for foreach() in C:\xampp\htdocs\VIF\admin\view\template\catalog\download_form.tpl on line 79
2016-01-19 14:30:29 - PHP Warning:  Invalid argument supplied for foreach() in C:\xampp\htdocs\VIF\admin\controller\catalog\download.php on line 397
2016-01-19 14:30:29 - PHP Warning:  Invalid argument supplied for foreach() in C:\xampp\htdocs\VIF\admin\controller\catalog\download.php on line 397
2016-01-19 14:30:29 - PHP Notice:  Undefined variable: costumers in C:\xampp\htdocs\VIF\admin\view\template\catalog\download_form.tpl on line 79
2016-01-19 14:30:29 - PHP Warning:  Invalid argument supplied for foreach() in C:\xampp\htdocs\VIF\admin\view\template\catalog\download_form.tpl on line 79
2016-01-19 14:30:40 - PHP Warning:  Invalid argument supplied for foreach() in C:\xampp\htdocs\VIF\admin\controller\catalog\download.php on line 397
2016-01-19 14:30:40 - PHP Warning:  Invalid argument supplied for foreach() in C:\xampp\htdocs\VIF\admin\controller\catalog\download.php on line 397
2016-01-19 14:30:40 - PHP Notice:  Undefined variable: costumers in C:\xampp\htdocs\VIF\admin\view\template\catalog\download_form.tpl on line 79
2016-01-19 14:30:40 - PHP Warning:  Invalid argument supplied for foreach() in C:\xampp\htdocs\VIF\admin\view\template\catalog\download_form.tpl on line 79
2016-01-19 14:31:52 - PHP Notice:  Undefined variable: gr in C:\xampp\htdocs\VIF\admin\controller\catalog\download.php on line 397
2016-01-19 14:31:52 - PHP Notice:  Undefined variable: gr in C:\xampp\htdocs\VIF\admin\controller\catalog\download.php on line 397
2016-01-19 14:32:15 - PHP Notice:  Undefined variable: gr in C:\xampp\htdocs\VIF\admin\controller\catalog\download.php on line 397
2016-01-19 14:32:15 - PHP Notice:  Undefined variable: gr in C:\xampp\htdocs\VIF\admin\controller\catalog\download.php on line 397
2016-01-19 14:32:21 - PHP Notice:  Undefined variable: gr in C:\xampp\htdocs\VIF\admin\controller\catalog\download.php on line 397
2016-01-19 14:32:21 - PHP Notice:  Undefined variable: gr in C:\xampp\htdocs\VIF\admin\controller\catalog\download.php on line 397
2016-01-19 15:12:49 - PHP Notice:  Undefined variable: costumers in C:\xampp\htdocs\VIF\admin\view\template\catalog\download_form.tpl on line 79
2016-01-19 15:12:49 - PHP Warning:  Invalid argument supplied for foreach() in C:\xampp\htdocs\VIF\admin\view\template\catalog\download_form.tpl on line 79
