2016-01-12 11:17:05 - MOD: Modification Default
FILE: system/engine/action.php
REGEX: ~(require|include)(_once)?\(([^)]+)~
LINE: 39
FILE: system/engine/loader.php
REGEX: ~(require|include)(_once)?\(([^)]+)~
LINE: 20
LINE: 59
LINE: 80
LINE: 99
FILE: system/library/config.php
REGEX: ~(require|include)(_once)?\(([^)]+)~
LINE: 23
FILE: system/library/language.php
REGEX: ~(require|include)(_once)?\(([^)]+)~
LINE: 25
LINE: 31
----------------------------------------------------------------
MOD: Tweak for OpenCart 2x Russkaya sborka
FILE: admin/view/template/common/header.tpl
CODE: <?php foreach ($links as $link) { ?>
LINE: 35
CODE: <script type="text/javascript" src="view/javascript/summernote/summernote.js"></script>
LINE: 18
CODE: <li><a href="http://www.opencart.com" target="_blank"><?php echo $text_homepage; ?></a></li>
LINE: 80
CODE: <li><a href="http://docs.opencart.com" target="_blank"><?php echo $text_documentation; ?></a></li>
LINE: 83
CODE: <li><a href="http://forum.opencart.com" target="_blank"><?php echo $text_support; ?></a></li>
LINE: 86
FILE: admin/view/template/catalog/product_form.tpl
CODE: <label class="col-sm-2 control-label" for="input-sku"><span data-toggle="tooltip" title="<?php echo $help_sku; ?>"><?php echo $entry_sku; ?></span></label>
LINE: 116
CODE: <label class="col-sm-2 control-label" for="input-sku">
LINE: 122
CODE: <label class="col-sm-2 control-label" for="input-location"><?php echo $entry_location; ?></label>
LINE: 162
CODE: <input type="text" name="model" value="<?php echo $model; ?>" placeholder="<?php echo $entry_model; ?>" id="input-model" class="form-control" />
LINE: 108
FILE: admin/view/template/common/menu.tpl
CODE: <li><a href="<?php echo $analytics; ?>"><?php echo $text_analytics; ?></a></li>
LINE: 25
CODE: <li><a href="<?php echo $total; ?>"><?php echo $text_total; ?></a></li>
LINE: 36
FILE: admin/model/catalog/category.php
CODE: if (isset($data['keyword'])) {
LINE: 49
FILE: admin/controller/tool/backup.php
CODE: $data['entry_backup'] = $this->language->get('entry_backup');
LINE: 38
FILE: admin/controller\tool\error_log.php
CODE: $this->response->addheader('Content-Disposition: attachment; filename=' . $this->config->get('config_name') . '_' . date('Y-m-d_H-i-s', time()) . '_error.log');
LINE: 95
FILE: admin/view/template/design/banner_form.tpl
CODE: html += '  <td class="text-right" style="width: 10%;><input type="text" name="banner_image[' + image_row + '][sort_order]" value="" placeholder="<?php echo $entry_sort_order; ?>" class="form-control" /></td>';
LINE: 106
----------------------------------------------------------------
MOD: News
CODE: <li><a href="<?php echo $feed; ?>"><?php echo $text_feed; ?></a></li>
LINE: 35
FILE: admin/controller/common/menu.php
CODE: $data['feed'] = $this->url->link('extension/feed', 'token=' . $this->session->data['token'], 'SSL');
LINE: 132
FILE: catalog/controller/common/footer.php
CODE: $data['text_account']
NOT FOUND!
FILE: catalog/language/english/common/footer.php
CODE: $_
LINE: 6
FILE: catalog/language/russian/common/footer.php
CODE: $_
LINE: 6
FILE: catalog/view/theme/default/template/common/footer.tpl
CODE: <li><a href="<?php echo $voucher; ?>"><?php echo $text_voucher; ?></a></li>
LINE: 28
FILE: catalog/controller/common/seo_url.php
CODE: if ($url[0] == 'information_id') {
LINE: 37
CODE: } elseif (isset($this->request->get['information_id'])) {
LINE: 61
CODE: if (($data['route'] == 'product/product' && $key == 'product_id') || (($data['route'] == 'product/manufacturer/info' || $data['route'] == 'product/product') && $key == 'manufacturer_id') || ($data['route'] == 'information/information' && $key == 'information_id')) {
LINE: 115
CODE: if ($query->row['query'] && $url[0] != 'information_id' && $url[0] != 'manufacturer_id' && $url[0] != 'category_id' && $url[0] != 'product_id') {
LINE: 41
FILE: admin/controller/common/dashboard.php
CODE: function index()
LINE: 7
FILE: admin/view/template/common/dashboard.tpl
CODE: <?php if ($error_install) { ?>
LINE: 24
----------------------------------------------------------------
2016-01-12 11:21:17 - MOD: Modification Default
FILE: system/engine/action.php
REGEX: ~(require|include)(_once)?\(([^)]+)~
LINE: 39
FILE: system/engine/loader.php
REGEX: ~(require|include)(_once)?\(([^)]+)~
LINE: 20
LINE: 59
LINE: 80
LINE: 99
FILE: system/library/config.php
REGEX: ~(require|include)(_once)?\(([^)]+)~
LINE: 23
FILE: system/library/language.php
REGEX: ~(require|include)(_once)?\(([^)]+)~
LINE: 25
LINE: 31
----------------------------------------------------------------
MOD: Tweak for OpenCart 2x Russkaya sborka
FILE: admin/view/template/common/header.tpl
CODE: <?php foreach ($links as $link) { ?>
LINE: 35
CODE: <script type="text/javascript" src="view/javascript/summernote/summernote.js"></script>
LINE: 18
CODE: <li><a href="http://www.opencart.com" target="_blank"><?php echo $text_homepage; ?></a></li>
LINE: 80
CODE: <li><a href="http://docs.opencart.com" target="_blank"><?php echo $text_documentation; ?></a></li>
LINE: 83
CODE: <li><a href="http://forum.opencart.com" target="_blank"><?php echo $text_support; ?></a></li>
LINE: 86
FILE: admin/view/template/catalog/product_form.tpl
CODE: <label class="col-sm-2 control-label" for="input-sku"><span data-toggle="tooltip" title="<?php echo $help_sku; ?>"><?php echo $entry_sku; ?></span></label>
LINE: 116
CODE: <label class="col-sm-2 control-label" for="input-sku">
LINE: 122
CODE: <label class="col-sm-2 control-label" for="input-location"><?php echo $entry_location; ?></label>
LINE: 162
CODE: <input type="text" name="model" value="<?php echo $model; ?>" placeholder="<?php echo $entry_model; ?>" id="input-model" class="form-control" />
LINE: 108
FILE: admin/view/template/common/menu.tpl
CODE: <li><a href="<?php echo $analytics; ?>"><?php echo $text_analytics; ?></a></li>
LINE: 25
CODE: <li><a href="<?php echo $total; ?>"><?php echo $text_total; ?></a></li>
LINE: 36
FILE: admin/model/catalog/category.php
CODE: if (isset($data['keyword'])) {
LINE: 49
FILE: admin/controller/tool/backup.php
CODE: $data['entry_backup'] = $this->language->get('entry_backup');
LINE: 38
FILE: admin/controller\tool\error_log.php
CODE: $this->response->addheader('Content-Disposition: attachment; filename=' . $this->config->get('config_name') . '_' . date('Y-m-d_H-i-s', time()) . '_error.log');
LINE: 95
FILE: admin/view/template/design/banner_form.tpl
CODE: html += '  <td class="text-right" style="width: 10%;><input type="text" name="banner_image[' + image_row + '][sort_order]" value="" placeholder="<?php echo $entry_sort_order; ?>" class="form-control" /></td>';
LINE: 106
----------------------------------------------------------------
MOD: News
CODE: <li><a href="<?php echo $feed; ?>"><?php echo $text_feed; ?></a></li>
LINE: 35
FILE: admin/controller/common/menu.php
CODE: $data['feed'] = $this->url->link('extension/feed', 'token=' . $this->session->data['token'], 'SSL');
LINE: 132
FILE: catalog/controller/common/footer.php
CODE: $data['text_account']
NOT FOUND!
FILE: catalog/language/english/common/footer.php
CODE: $_
LINE: 6
FILE: catalog/language/russian/common/footer.php
CODE: $_
LINE: 6
FILE: catalog/view/theme/default/template/common/footer.tpl
CODE: <li><a href="<?php echo $voucher; ?>"><?php echo $text_voucher; ?></a></li>
LINE: 28
FILE: catalog/controller/common/seo_url.php
CODE: if ($url[0] == 'information_id') {
LINE: 37
CODE: } elseif (isset($this->request->get['information_id'])) {
LINE: 61
CODE: if (($data['route'] == 'product/product' && $key == 'product_id') || (($data['route'] == 'product/manufacturer/info' || $data['route'] == 'product/product') && $key == 'manufacturer_id') || ($data['route'] == 'information/information' && $key == 'information_id')) {
LINE: 115
CODE: if ($query->row['query'] && $url[0] != 'information_id' && $url[0] != 'manufacturer_id' && $url[0] != 'category_id' && $url[0] != 'product_id') {
LINE: 41
FILE: admin/controller/common/dashboard.php
CODE: function index()
LINE: 7
FILE: admin/view/template/common/dashboard.tpl
CODE: <?php if ($error_install) { ?>
LINE: 24
----------------------------------------------------------------
2016-01-12 12:37:12 - MOD: Modification Default
FILE: system/engine/action.php
REGEX: ~(require|include)(_once)?\(([^)]+)~
LINE: 39
FILE: system/engine/loader.php
REGEX: ~(require|include)(_once)?\(([^)]+)~
LINE: 20
LINE: 59
LINE: 80
LINE: 99
FILE: system/library/config.php
REGEX: ~(require|include)(_once)?\(([^)]+)~
LINE: 23
FILE: system/library/language.php
REGEX: ~(require|include)(_once)?\(([^)]+)~
LINE: 25
LINE: 31
----------------------------------------------------------------
MOD: Tweak for OpenCart 2x Russkaya sborka
FILE: admin/view/template/common/header.tpl
CODE: <?php foreach ($links as $link) { ?>
LINE: 35
CODE: <script type="text/javascript" src="view/javascript/summernote/summernote.js"></script>
LINE: 18
CODE: <li><a href="http://www.opencart.com" target="_blank"><?php echo $text_homepage; ?></a></li>
LINE: 80
CODE: <li><a href="http://docs.opencart.com" target="_blank"><?php echo $text_documentation; ?></a></li>
LINE: 83
CODE: <li><a href="http://forum.opencart.com" target="_blank"><?php echo $text_support; ?></a></li>
LINE: 86
FILE: admin/view/template/catalog/product_form.tpl
CODE: <label class="col-sm-2 control-label" for="input-sku"><span data-toggle="tooltip" title="<?php echo $help_sku; ?>"><?php echo $entry_sku; ?></span></label>
LINE: 116
CODE: <label class="col-sm-2 control-label" for="input-sku">
LINE: 122
CODE: <label class="col-sm-2 control-label" for="input-location"><?php echo $entry_location; ?></label>
LINE: 162
CODE: <input type="text" name="model" value="<?php echo $model; ?>" placeholder="<?php echo $entry_model; ?>" id="input-model" class="form-control" />
LINE: 108
FILE: admin/view/template/common/menu.tpl
CODE: <li><a href="<?php echo $analytics; ?>"><?php echo $text_analytics; ?></a></li>
LINE: 25
CODE: <li><a href="<?php echo $total; ?>"><?php echo $text_total; ?></a></li>
LINE: 36
FILE: admin/model/catalog/category.php
CODE: if (isset($data['keyword'])) {
LINE: 49
FILE: admin/controller/tool/backup.php
CODE: $data['entry_backup'] = $this->language->get('entry_backup');
LINE: 38
FILE: admin/controller\tool\error_log.php
CODE: $this->response->addheader('Content-Disposition: attachment; filename=' . $this->config->get('config_name') . '_' . date('Y-m-d_H-i-s', time()) . '_error.log');
LINE: 95
FILE: admin/view/template/design/banner_form.tpl
CODE: html += '  <td class="text-right" style="width: 10%;><input type="text" name="banner_image[' + image_row + '][sort_order]" value="" placeholder="<?php echo $entry_sort_order; ?>" class="form-control" /></td>';
LINE: 106
----------------------------------------------------------------
MOD: News
CODE: <li><a href="<?php echo $feed; ?>"><?php echo $text_feed; ?></a></li>
LINE: 35
FILE: admin/controller/common/menu.php
CODE: $data['feed'] = $this->url->link('extension/feed', 'token=' . $this->session->data['token'], 'SSL');
LINE: 132
FILE: catalog/controller/common/footer.php
CODE: $data['text_account']
NOT FOUND!
FILE: catalog/language/english/common/footer.php
CODE: $_
LINE: 6
FILE: catalog/language/russian/common/footer.php
CODE: $_
LINE: 6
FILE: catalog/view/theme/default/template/common/footer.tpl
CODE: <li><a href="<?php echo $voucher; ?>"><?php echo $text_voucher; ?></a></li>
LINE: 28
FILE: catalog/controller/common/seo_url.php
CODE: if ($url[0] == 'information_id') {
LINE: 37
CODE: } elseif (isset($this->request->get['information_id'])) {
LINE: 61
CODE: if (($data['route'] == 'product/product' && $key == 'product_id') || (($data['route'] == 'product/manufacturer/info' || $data['route'] == 'product/product') && $key == 'manufacturer_id') || ($data['route'] == 'information/information' && $key == 'information_id')) {
LINE: 115
CODE: if ($query->row['query'] && $url[0] != 'information_id' && $url[0] != 'manufacturer_id' && $url[0] != 'category_id' && $url[0] != 'product_id') {
LINE: 41
FILE: admin/controller/common/dashboard.php
CODE: function index()
LINE: 7
FILE: admin/view/template/common/dashboard.tpl
CODE: <?php if ($error_install) { ?>
LINE: 24
----------------------------------------------------------------
2016-01-12 12:38:28 - MOD: Modification Default
FILE: system/engine/action.php
REGEX: ~(require|include)(_once)?\(([^)]+)~
LINE: 39
FILE: system/engine/loader.php
REGEX: ~(require|include)(_once)?\(([^)]+)~
LINE: 20
LINE: 59
LINE: 80
LINE: 99
FILE: system/library/config.php
REGEX: ~(require|include)(_once)?\(([^)]+)~
LINE: 23
FILE: system/library/language.php
REGEX: ~(require|include)(_once)?\(([^)]+)~
LINE: 25
LINE: 31
----------------------------------------------------------------
MOD: Tweak for OpenCart 2x Russkaya sborka
FILE: admin/view/template/common/header.tpl
CODE: <?php foreach ($links as $link) { ?>
LINE: 35
CODE: <script type="text/javascript" src="view/javascript/summernote/summernote.js"></script>
LINE: 18
CODE: <li><a href="http://www.opencart.com" target="_blank"><?php echo $text_homepage; ?></a></li>
LINE: 80
CODE: <li><a href="http://docs.opencart.com" target="_blank"><?php echo $text_documentation; ?></a></li>
LINE: 83
CODE: <li><a href="http://forum.opencart.com" target="_blank"><?php echo $text_support; ?></a></li>
LINE: 86
FILE: admin/view/template/catalog/product_form.tpl
CODE: <label class="col-sm-2 control-label" for="input-sku"><span data-toggle="tooltip" title="<?php echo $help_sku; ?>"><?php echo $entry_sku; ?></span></label>
LINE: 116
CODE: <label class="col-sm-2 control-label" for="input-sku">
LINE: 122
CODE: <label class="col-sm-2 control-label" for="input-location"><?php echo $entry_location; ?></label>
LINE: 162
CODE: <input type="text" name="model" value="<?php echo $model; ?>" placeholder="<?php echo $entry_model; ?>" id="input-model" class="form-control" />
LINE: 108
FILE: admin/view/template/common/menu.tpl
CODE: <li><a href="<?php echo $analytics; ?>"><?php echo $text_analytics; ?></a></li>
LINE: 25
CODE: <li><a href="<?php echo $total; ?>"><?php echo $text_total; ?></a></li>
LINE: 36
FILE: admin/model/catalog/category.php
CODE: if (isset($data['keyword'])) {
LINE: 49
FILE: admin/controller/tool/backup.php
CODE: $data['entry_backup'] = $this->language->get('entry_backup');
LINE: 38
FILE: admin/controller\tool\error_log.php
CODE: $this->response->addheader('Content-Disposition: attachment; filename=' . $this->config->get('config_name') . '_' . date('Y-m-d_H-i-s', time()) . '_error.log');
LINE: 95
FILE: admin/view/template/design/banner_form.tpl
CODE: html += '  <td class="text-right" style="width: 10%;><input type="text" name="banner_image[' + image_row + '][sort_order]" value="" placeholder="<?php echo $entry_sort_order; ?>" class="form-control" /></td>';
LINE: 106
----------------------------------------------------------------
MOD: News
CODE: <li><a href="<?php echo $feed; ?>"><?php echo $text_feed; ?></a></li>
LINE: 35
FILE: admin/controller/common/menu.php
CODE: $data['feed'] = $this->url->link('extension/feed', 'token=' . $this->session->data['token'], 'SSL');
LINE: 132
FILE: catalog/controller/common/footer.php
CODE: $data['text_account']
NOT FOUND!
FILE: catalog/language/english/common/footer.php
CODE: $_
LINE: 6
FILE: catalog/language/russian/common/footer.php
CODE: $_
LINE: 6
FILE: catalog/view/theme/default/template/common/footer.tpl
CODE: <li><a href="<?php echo $voucher; ?>"><?php echo $text_voucher; ?></a></li>
LINE: 28
FILE: catalog/controller/common/seo_url.php
CODE: if ($url[0] == 'information_id') {
LINE: 37
CODE: } elseif (isset($this->request->get['information_id'])) {
LINE: 61
CODE: if (($data['route'] == 'product/product' && $key == 'product_id') || (($data['route'] == 'product/manufacturer/info' || $data['route'] == 'product/product') && $key == 'manufacturer_id') || ($data['route'] == 'information/information' && $key == 'information_id')) {
LINE: 115
CODE: if ($query->row['query'] && $url[0] != 'information_id' && $url[0] != 'manufacturer_id' && $url[0] != 'category_id' && $url[0] != 'product_id') {
LINE: 41
FILE: admin/controller/common/dashboard.php
CODE: function index()
LINE: 7
FILE: admin/view/template/common/dashboard.tpl
CODE: <?php if ($error_install) { ?>
LINE: 24
----------------------------------------------------------------
2016-01-18 11:59:35 - MOD: Modification Default
FILE: system/engine/action.php
REGEX: ~(require|include)(_once)?\(([^)]+)~
LINE: 39
FILE: system/engine/loader.php
REGEX: ~(require|include)(_once)?\(([^)]+)~
LINE: 20
LINE: 59
LINE: 80
LINE: 99
FILE: system/library/config.php
REGEX: ~(require|include)(_once)?\(([^)]+)~
LINE: 23
FILE: system/library/language.php
REGEX: ~(require|include)(_once)?\(([^)]+)~
LINE: 25
LINE: 31
----------------------------------------------------------------
MOD: Tweak for OpenCart 2x Russkaya sborka
FILE: admin/view/template/common/header.tpl
CODE: <?php foreach ($links as $link) { ?>
LINE: 35
CODE: <script type="text/javascript" src="view/javascript/summernote/summernote.js"></script>
LINE: 18
CODE: <li><a href="http://www.opencart.com" target="_blank"><?php echo $text_homepage; ?></a></li>
LINE: 80
CODE: <li><a href="http://docs.opencart.com" target="_blank"><?php echo $text_documentation; ?></a></li>
LINE: 83
CODE: <li><a href="http://forum.opencart.com" target="_blank"><?php echo $text_support; ?></a></li>
LINE: 86
FILE: admin/view/template/catalog/product_form.tpl
CODE: <label class="col-sm-2 control-label" for="input-sku"><span data-toggle="tooltip" title="<?php echo $help_sku; ?>"><?php echo $entry_sku; ?></span></label>
LINE: 116
CODE: <label class="col-sm-2 control-label" for="input-sku">
LINE: 122
CODE: <label class="col-sm-2 control-label" for="input-location"><?php echo $entry_location; ?></label>
LINE: 162
CODE: <input type="text" name="model" value="<?php echo $model; ?>" placeholder="<?php echo $entry_model; ?>" id="input-model" class="form-control" />
LINE: 108
FILE: admin/view/template/common/menu.tpl
CODE: <li><a href="<?php echo $analytics; ?>"><?php echo $text_analytics; ?></a></li>
LINE: 25
CODE: <li><a href="<?php echo $total; ?>"><?php echo $text_total; ?></a></li>
LINE: 36
FILE: admin/model/catalog/category.php
CODE: if (isset($data['keyword'])) {
LINE: 49
FILE: admin/controller/tool/backup.php
CODE: $data['entry_backup'] = $this->language->get('entry_backup');
LINE: 38
FILE: admin/controller\tool\error_log.php
CODE: $this->response->addheader('Content-Disposition: attachment; filename=' . $this->config->get('config_name') . '_' . date('Y-m-d_H-i-s', time()) . '_error.log');
LINE: 95
FILE: admin/view/template/design/banner_form.tpl
CODE: html += '  <td class="text-right" style="width: 10%;><input type="text" name="banner_image[' + image_row + '][sort_order]" value="" placeholder="<?php echo $entry_sort_order; ?>" class="form-control" /></td>';
LINE: 106
----------------------------------------------------------------
Modification::refresh - Processing 'Bugfixes for ControllerUserUserPermission'
Modification::refresh - Done 'Bugfixes for ControllerUserUserPermission'
----------------------------------------------------------------
Modification::refresh - Processing 'Mega Filter PRO'
Modification::refresh - SEARCH NOT FOUND (SKIPPED):
  file name = 'C:/xampp/htdocs/VIF/catalog/controller/common/column_left.php'
  search = 'if (isset($part[1]) && isset($setting[$part[1]])) {'
Modification::refresh - SEARCH NOT FOUND (SKIPPED):
  file name = 'C:/xampp/htdocs/VIF/catalog/controller/common/column_right.php'
  search = 'if (isset($part[1]) && isset($setting[$part[1]])) {'
Modification::refresh - SEARCH NOT FOUND (SKIPPED):
  file name = 'C:/xampp/htdocs/VIF/catalog/controller/common/content_top.php'
  search = 'if (isset($part[1]) && isset($setting[$part[1]])) {'
Modification::refresh - SEARCH NOT FOUND (SKIPPED):
  file name = 'C:/xampp/htdocs/VIF/catalog/model/catalog/product.php'
  search = '$this->db->query("SELECT COUNT(DISTINCT ps.product_id) AS total FROM " . DB_PREFIX . "product_special ps LEFT JOIN " . DB_PREFIX . "product p ON (ps.product_id = p.product_id) LEFT JOIN " . DB_PREFIX . "product_to_store p2s ON (p.product_id = p2s.product_id) WHERE p.status = '1' AND p.date_available <= NOW() AND p2s.store_id = '" . (int)$this->config->get('config_store_id') . "' AND ps.customer_group_id = '" . (int)$customer_group_id . "' AND ((ps.date_start = '0000-00-00' OR ps.date_start < NOW()) AND (ps.date_end = '0000-00-00' OR ps.date_end > NOW()))");'
Modification::refresh - SEARCH NOT FOUND (SKIPPED):
  file name = 'C:/xampp/htdocs/VIF/catalog/model/catalog/product.php'
  search = '$query = $this->db->query("SELECT COUNT(DISTINCT ps.product_id) AS total FROM " . DB_PREFIX . "product_special ps LEFT JOIN " . DB_PREFIX . "product p ON (ps.product_id = p.product_id) LEFT JOIN " . DB_PREFIX . "product_to_store p2s ON (p.product_id = p2s.product_id) WHERE p.status = '1' AND ( p.mod_customer_group_restrict IS NULL OR " . ( NULL != ( $cgrS = $this->config->get( 'customer_group_restrict' ) ) && $cgrS['mode_product'] == 'unavailable' ? 'NOT' : '' ) . " FIND_IN_SET( " . ( $this->customer->isLogged() ? (int) $this->customer->getGroupId() : $this->config->get('config_customer_group_id') ) . ", p.mod_customer_group_restrict )) AND p.date_available <= NOW() AND p2s.store_id = '" . (int)$this->config->get('config_store_id') . "' AND ps.customer_group_id = '" . (int)$customer_group_id . "' AND ((ps.date_start = '0000-00-00' OR ps.date_start < NOW()) AND (ps.date_end = '0000-00-00' OR ps.date_end > NOW()))");'
Modification::refresh - SEARCH NOT FOUND (SKIPPED):
  file name = 'C:/xampp/htdocs/VIF/catalog/model/catalog/product.php'
  search = '$cache = md5(http_build_query($data));'
Modification::refresh - Done 'Mega Filter PRO'
----------------------------------------------------------------
MOD: News
CODE: <li><a href="<?php echo $feed; ?>"><?php echo $text_feed; ?></a></li>
LINE: 35
FILE: admin/controller/common/menu.php
CODE: $data['feed'] = $this->url->link('extension/feed', 'token=' . $this->session->data['token'], 'SSL');
LINE: 132
FILE: catalog/controller/common/footer.php
CODE: $data['text_account']
NOT FOUND!
FILE: catalog/language/english/common/footer.php
CODE: $_
LINE: 6
FILE: catalog/language/russian/common/footer.php
CODE: $_
LINE: 6
FILE: catalog/view/theme/default/template/common/footer.tpl
CODE: <li><a href="<?php echo $voucher; ?>"><?php echo $text_voucher; ?></a></li>
LINE: 28
FILE: catalog/controller/common/seo_url.php
CODE: if ($url[0] == 'information_id') {
LINE: 37
CODE: } elseif (isset($this->request->get['information_id'])) {
LINE: 61
CODE: if (($data['route'] == 'product/product' && $key == 'product_id') || (($data['route'] == 'product/manufacturer/info' || $data['route'] == 'product/product') && $key == 'manufacturer_id') || ($data['route'] == 'information/information' && $key == 'information_id')) {
LINE: 115
CODE: if ($query->row['query'] && $url[0] != 'information_id' && $url[0] != 'manufacturer_id' && $url[0] != 'category_id' && $url[0] != 'product_id') {
LINE: 41
FILE: admin/controller/common/dashboard.php
CODE: function index()
LINE: 7
FILE: admin/view/template/common/dashboard.tpl
CODE: <?php if ($error_install) { ?>
LINE: 24
----------------------------------------------------------------
2016-01-18 12:26:49 - MOD: Modification Default
FILE: system/engine/action.php
REGEX: ~(require|include)(_once)?\(([^)]+)~
LINE: 39
FILE: system/engine/loader.php
REGEX: ~(require|include)(_once)?\(([^)]+)~
LINE: 20
LINE: 59
LINE: 80
LINE: 99
FILE: system/library/config.php
REGEX: ~(require|include)(_once)?\(([^)]+)~
LINE: 23
FILE: system/library/language.php
REGEX: ~(require|include)(_once)?\(([^)]+)~
LINE: 25
LINE: 31
----------------------------------------------------------------
MOD: Tweak for OpenCart 2x Russkaya sborka
FILE: admin/view/template/common/header.tpl
CODE: <?php foreach ($links as $link) { ?>
LINE: 35
CODE: <script type="text/javascript" src="view/javascript/summernote/summernote.js"></script>
LINE: 18
CODE: <li><a href="http://www.opencart.com" target="_blank"><?php echo $text_homepage; ?></a></li>
LINE: 80
CODE: <li><a href="http://docs.opencart.com" target="_blank"><?php echo $text_documentation; ?></a></li>
LINE: 83
CODE: <li><a href="http://forum.opencart.com" target="_blank"><?php echo $text_support; ?></a></li>
LINE: 86
FILE: admin/view/template/catalog/product_form.tpl
CODE: <label class="col-sm-2 control-label" for="input-sku"><span data-toggle="tooltip" title="<?php echo $help_sku; ?>"><?php echo $entry_sku; ?></span></label>
LINE: 116
CODE: <label class="col-sm-2 control-label" for="input-sku">
LINE: 122
CODE: <label class="col-sm-2 control-label" for="input-location"><?php echo $entry_location; ?></label>
LINE: 162
CODE: <input type="text" name="model" value="<?php echo $model; ?>" placeholder="<?php echo $entry_model; ?>" id="input-model" class="form-control" />
LINE: 108
FILE: admin/view/template/common/menu.tpl
CODE: <li><a href="<?php echo $analytics; ?>"><?php echo $text_analytics; ?></a></li>
LINE: 25
CODE: <li><a href="<?php echo $total; ?>"><?php echo $text_total; ?></a></li>
LINE: 36
FILE: admin/model/catalog/category.php
CODE: if (isset($data['keyword'])) {
LINE: 49
FILE: admin/controller/tool/backup.php
CODE: $data['entry_backup'] = $this->language->get('entry_backup');
LINE: 38
FILE: admin/controller\tool\error_log.php
CODE: $this->response->addheader('Content-Disposition: attachment; filename=' . $this->config->get('config_name') . '_' . date('Y-m-d_H-i-s', time()) . '_error.log');
LINE: 95
FILE: admin/view/template/design/banner_form.tpl
CODE: html += '  <td class="text-right" style="width: 10%;><input type="text" name="banner_image[' + image_row + '][sort_order]" value="" placeholder="<?php echo $entry_sort_order; ?>" class="form-control" /></td>';
LINE: 106
----------------------------------------------------------------
Modification::refresh - Processing 'Bugfixes for ControllerUserUserPermission'
Modification::refresh - Done 'Bugfixes for ControllerUserUserPermission'
----------------------------------------------------------------
Modification::refresh - Processing 'Mega Filter PRO'
Modification::refresh - SEARCH NOT FOUND (SKIPPED):
  file name = 'C:/xampp/htdocs/VIF/catalog/controller/common/column_left.php'
  search = 'if (isset($part[1]) && isset($setting[$part[1]])) {'
Modification::refresh - SEARCH NOT FOUND (SKIPPED):
  file name = 'C:/xampp/htdocs/VIF/catalog/controller/common/column_right.php'
  search = 'if (isset($part[1]) && isset($setting[$part[1]])) {'
Modification::refresh - SEARCH NOT FOUND (SKIPPED):
  file name = 'C:/xampp/htdocs/VIF/catalog/controller/common/content_top.php'
  search = 'if (isset($part[1]) && isset($setting[$part[1]])) {'
Modification::refresh - SEARCH NOT FOUND (SKIPPED):
  file name = 'C:/xampp/htdocs/VIF/catalog/model/catalog/product.php'
  search = '$this->db->query("SELECT COUNT(DISTINCT ps.product_id) AS total FROM " . DB_PREFIX . "product_special ps LEFT JOIN " . DB_PREFIX . "product p ON (ps.product_id = p.product_id) LEFT JOIN " . DB_PREFIX . "product_to_store p2s ON (p.product_id = p2s.product_id) WHERE p.status = '1' AND p.date_available <= NOW() AND p2s.store_id = '" . (int)$this->config->get('config_store_id') . "' AND ps.customer_group_id = '" . (int)$customer_group_id . "' AND ((ps.date_start = '0000-00-00' OR ps.date_start < NOW()) AND (ps.date_end = '0000-00-00' OR ps.date_end > NOW()))");'
Modification::refresh - SEARCH NOT FOUND (SKIPPED):
  file name = 'C:/xampp/htdocs/VIF/catalog/model/catalog/product.php'
  search = '$query = $this->db->query("SELECT COUNT(DISTINCT ps.product_id) AS total FROM " . DB_PREFIX . "product_special ps LEFT JOIN " . DB_PREFIX . "product p ON (ps.product_id = p.product_id) LEFT JOIN " . DB_PREFIX . "product_to_store p2s ON (p.product_id = p2s.product_id) WHERE p.status = '1' AND ( p.mod_customer_group_restrict IS NULL OR " . ( NULL != ( $cgrS = $this->config->get( 'customer_group_restrict' ) ) && $cgrS['mode_product'] == 'unavailable' ? 'NOT' : '' ) . " FIND_IN_SET( " . ( $this->customer->isLogged() ? (int) $this->customer->getGroupId() : $this->config->get('config_customer_group_id') ) . ", p.mod_customer_group_restrict )) AND p.date_available <= NOW() AND p2s.store_id = '" . (int)$this->config->get('config_store_id') . "' AND ps.customer_group_id = '" . (int)$customer_group_id . "' AND ((ps.date_start = '0000-00-00' OR ps.date_start < NOW()) AND (ps.date_end = '0000-00-00' OR ps.date_end > NOW()))");'
Modification::refresh - SEARCH NOT FOUND (SKIPPED):
  file name = 'C:/xampp/htdocs/VIF/catalog/model/catalog/product.php'
  search = '$cache = md5(http_build_query($data));'
Modification::refresh - Done 'Mega Filter PRO'
----------------------------------------------------------------
MOD: News
CODE: <li><a href="<?php echo $feed; ?>"><?php echo $text_feed; ?></a></li>
LINE: 35
FILE: admin/controller/common/menu.php
CODE: $data['feed'] = $this->url->link('extension/feed', 'token=' . $this->session->data['token'], 'SSL');
LINE: 132
FILE: catalog/controller/common/footer.php
CODE: $data['text_account']
NOT FOUND!
FILE: catalog/language/english/common/footer.php
CODE: $_
LINE: 6
FILE: catalog/language/russian/common/footer.php
CODE: $_
LINE: 6
FILE: catalog/view/theme/default/template/common/footer.tpl
CODE: <li><a href="<?php echo $voucher; ?>"><?php echo $text_voucher; ?></a></li>
LINE: 28
FILE: catalog/controller/common/seo_url.php
CODE: if ($url[0] == 'information_id') {
LINE: 37
CODE: } elseif (isset($this->request->get['information_id'])) {
LINE: 61
CODE: if (($data['route'] == 'product/product' && $key == 'product_id') || (($data['route'] == 'product/manufacturer/info' || $data['route'] == 'product/product') && $key == 'manufacturer_id') || ($data['route'] == 'information/information' && $key == 'information_id')) {
LINE: 115
CODE: if ($query->row['query'] && $url[0] != 'information_id' && $url[0] != 'manufacturer_id' && $url[0] != 'category_id' && $url[0] != 'product_id') {
LINE: 41
FILE: admin/controller/common/dashboard.php
CODE: function index()
LINE: 7
FILE: admin/view/template/common/dashboard.tpl
CODE: <?php if ($error_install) { ?>
LINE: 24
----------------------------------------------------------------
2016-01-18 12:58:23 - MOD: Modification Default
FILE: system/engine/action.php
REGEX: ~(require|include)(_once)?\(([^)]+)~
LINE: 39
FILE: system/engine/loader.php
REGEX: ~(require|include)(_once)?\(([^)]+)~
LINE: 20
LINE: 59
LINE: 80
LINE: 99
FILE: system/library/config.php
REGEX: ~(require|include)(_once)?\(([^)]+)~
LINE: 23
FILE: system/library/language.php
REGEX: ~(require|include)(_once)?\(([^)]+)~
LINE: 25
LINE: 31
----------------------------------------------------------------
MOD: Tweak for OpenCart 2x Russkaya sborka
FILE: admin/view/template/common/header.tpl
CODE: <?php foreach ($links as $link) { ?>
LINE: 35
CODE: <script type="text/javascript" src="view/javascript/summernote/summernote.js"></script>
LINE: 18
CODE: <li><a href="http://www.opencart.com" target="_blank"><?php echo $text_homepage; ?></a></li>
LINE: 80
CODE: <li><a href="http://docs.opencart.com" target="_blank"><?php echo $text_documentation; ?></a></li>
LINE: 83
CODE: <li><a href="http://forum.opencart.com" target="_blank"><?php echo $text_support; ?></a></li>
LINE: 86
FILE: admin/view/template/catalog/product_form.tpl
CODE: <label class="col-sm-2 control-label" for="input-sku"><span data-toggle="tooltip" title="<?php echo $help_sku; ?>"><?php echo $entry_sku; ?></span></label>
LINE: 116
CODE: <label class="col-sm-2 control-label" for="input-sku">
LINE: 122
CODE: <label class="col-sm-2 control-label" for="input-location"><?php echo $entry_location; ?></label>
LINE: 162
CODE: <input type="text" name="model" value="<?php echo $model; ?>" placeholder="<?php echo $entry_model; ?>" id="input-model" class="form-control" />
LINE: 108
FILE: admin/view/template/common/menu.tpl
CODE: <li><a href="<?php echo $analytics; ?>"><?php echo $text_analytics; ?></a></li>
LINE: 25
CODE: <li><a href="<?php echo $total; ?>"><?php echo $text_total; ?></a></li>
LINE: 36
FILE: admin/model/catalog/category.php
CODE: if (isset($data['keyword'])) {
LINE: 49
FILE: admin/controller/tool/backup.php
CODE: $data['entry_backup'] = $this->language->get('entry_backup');
LINE: 38
FILE: admin/controller\tool\error_log.php
CODE: $this->response->addheader('Content-Disposition: attachment; filename=' . $this->config->get('config_name') . '_' . date('Y-m-d_H-i-s', time()) . '_error.log');
LINE: 95
FILE: admin/view/template/design/banner_form.tpl
CODE: html += '  <td class="text-right" style="width: 10%;><input type="text" name="banner_image[' + image_row + '][sort_order]" value="" placeholder="<?php echo $entry_sort_order; ?>" class="form-control" /></td>';
LINE: 106
----------------------------------------------------------------
Modification::refresh - Processing 'Bugfixes for ControllerUserUserPermission'
Modification::refresh - Done 'Bugfixes for ControllerUserUserPermission'
----------------------------------------------------------------
Modification::refresh - Processing 'Mega Filter PRO'
Modification::refresh - SEARCH NOT FOUND (SKIPPED):
  file name = 'C:/xampp/htdocs/VIF/catalog/controller/common/column_left.php'
  search = 'if (isset($part[1]) && isset($setting[$part[1]])) {'
Modification::refresh - SEARCH NOT FOUND (SKIPPED):
  file name = 'C:/xampp/htdocs/VIF/catalog/controller/common/column_right.php'
  search = 'if (isset($part[1]) && isset($setting[$part[1]])) {'
Modification::refresh - SEARCH NOT FOUND (SKIPPED):
  file name = 'C:/xampp/htdocs/VIF/catalog/controller/common/content_top.php'
  search = 'if (isset($part[1]) && isset($setting[$part[1]])) {'
Modification::refresh - SEARCH NOT FOUND (SKIPPED):
  file name = 'C:/xampp/htdocs/VIF/catalog/model/catalog/product.php'
  search = '$this->db->query("SELECT COUNT(DISTINCT ps.product_id) AS total FROM " . DB_PREFIX . "product_special ps LEFT JOIN " . DB_PREFIX . "product p ON (ps.product_id = p.product_id) LEFT JOIN " . DB_PREFIX . "product_to_store p2s ON (p.product_id = p2s.product_id) WHERE p.status = '1' AND p.date_available <= NOW() AND p2s.store_id = '" . (int)$this->config->get('config_store_id') . "' AND ps.customer_group_id = '" . (int)$customer_group_id . "' AND ((ps.date_start = '0000-00-00' OR ps.date_start < NOW()) AND (ps.date_end = '0000-00-00' OR ps.date_end > NOW()))");'
Modification::refresh - SEARCH NOT FOUND (SKIPPED):
  file name = 'C:/xampp/htdocs/VIF/catalog/model/catalog/product.php'
  search = '$query = $this->db->query("SELECT COUNT(DISTINCT ps.product_id) AS total FROM " . DB_PREFIX . "product_special ps LEFT JOIN " . DB_PREFIX . "product p ON (ps.product_id = p.product_id) LEFT JOIN " . DB_PREFIX . "product_to_store p2s ON (p.product_id = p2s.product_id) WHERE p.status = '1' AND ( p.mod_customer_group_restrict IS NULL OR " . ( NULL != ( $cgrS = $this->config->get( 'customer_group_restrict' ) ) && $cgrS['mode_product'] == 'unavailable' ? 'NOT' : '' ) . " FIND_IN_SET( " . ( $this->customer->isLogged() ? (int) $this->customer->getGroupId() : $this->config->get('config_customer_group_id') ) . ", p.mod_customer_group_restrict )) AND p.date_available <= NOW() AND p2s.store_id = '" . (int)$this->config->get('config_store_id') . "' AND ps.customer_group_id = '" . (int)$customer_group_id . "' AND ((ps.date_start = '0000-00-00' OR ps.date_start < NOW()) AND (ps.date_end = '0000-00-00' OR ps.date_end > NOW()))");'
Modification::refresh - SEARCH NOT FOUND (SKIPPED):
  file name = 'C:/xampp/htdocs/VIF/catalog/model/catalog/product.php'
  search = '$cache = md5(http_build_query($data));'
Modification::refresh - Done 'Mega Filter PRO'
----------------------------------------------------------------
MOD: News
CODE: <li><a href="<?php echo $feed; ?>"><?php echo $text_feed; ?></a></li>
LINE: 35
FILE: admin/controller/common/menu.php
CODE: $data['feed'] = $this->url->link('extension/feed', 'token=' . $this->session->data['token'], 'SSL');
LINE: 132
FILE: catalog/controller/common/footer.php
CODE: $data['text_account']
NOT FOUND!
FILE: catalog/language/english/common/footer.php
CODE: $_
LINE: 6
FILE: catalog/language/russian/common/footer.php
CODE: $_
LINE: 6
FILE: catalog/view/theme/default/template/common/footer.tpl
CODE: <li><a href="<?php echo $voucher; ?>"><?php echo $text_voucher; ?></a></li>
LINE: 28
FILE: catalog/controller/common/seo_url.php
CODE: if ($url[0] == 'information_id') {
LINE: 37
CODE: } elseif (isset($this->request->get['information_id'])) {
LINE: 61
CODE: if (($data['route'] == 'product/product' && $key == 'product_id') || (($data['route'] == 'product/manufacturer/info' || $data['route'] == 'product/product') && $key == 'manufacturer_id') || ($data['route'] == 'information/information' && $key == 'information_id')) {
LINE: 115
CODE: if ($query->row['query'] && $url[0] != 'information_id' && $url[0] != 'manufacturer_id' && $url[0] != 'category_id' && $url[0] != 'product_id') {
LINE: 41
FILE: admin/controller/common/dashboard.php
CODE: function index()
LINE: 7
FILE: admin/view/template/common/dashboard.tpl
CODE: <?php if ($error_install) { ?>
LINE: 24
----------------------------------------------------------------
2016-01-18 12:58:49 - MOD: Modification Default
FILE: system/engine/action.php
REGEX: ~(require|include)(_once)?\(([^)]+)~
LINE: 39
FILE: system/engine/loader.php
REGEX: ~(require|include)(_once)?\(([^)]+)~
LINE: 20
LINE: 59
LINE: 80
LINE: 99
FILE: system/library/config.php
REGEX: ~(require|include)(_once)?\(([^)]+)~
LINE: 23
FILE: system/library/language.php
REGEX: ~(require|include)(_once)?\(([^)]+)~
LINE: 25
LINE: 31
----------------------------------------------------------------
MOD: Tweak for OpenCart 2x Russkaya sborka
FILE: admin/view/template/common/header.tpl
CODE: <?php foreach ($links as $link) { ?>
LINE: 35
CODE: <script type="text/javascript" src="view/javascript/summernote/summernote.js"></script>
LINE: 18
CODE: <li><a href="http://www.opencart.com" target="_blank"><?php echo $text_homepage; ?></a></li>
LINE: 80
CODE: <li><a href="http://docs.opencart.com" target="_blank"><?php echo $text_documentation; ?></a></li>
LINE: 83
CODE: <li><a href="http://forum.opencart.com" target="_blank"><?php echo $text_support; ?></a></li>
LINE: 86
FILE: admin/view/template/catalog/product_form.tpl
CODE: <label class="col-sm-2 control-label" for="input-sku"><span data-toggle="tooltip" title="<?php echo $help_sku; ?>"><?php echo $entry_sku; ?></span></label>
LINE: 116
CODE: <label class="col-sm-2 control-label" for="input-sku">
LINE: 122
CODE: <label class="col-sm-2 control-label" for="input-location"><?php echo $entry_location; ?></label>
LINE: 162
CODE: <input type="text" name="model" value="<?php echo $model; ?>" placeholder="<?php echo $entry_model; ?>" id="input-model" class="form-control" />
LINE: 108
FILE: admin/view/template/common/menu.tpl
CODE: <li><a href="<?php echo $analytics; ?>"><?php echo $text_analytics; ?></a></li>
LINE: 25
CODE: <li><a href="<?php echo $total; ?>"><?php echo $text_total; ?></a></li>
LINE: 36
FILE: admin/model/catalog/category.php
CODE: if (isset($data['keyword'])) {
LINE: 49
FILE: admin/controller/tool/backup.php
CODE: $data['entry_backup'] = $this->language->get('entry_backup');
LINE: 38
FILE: admin/controller\tool\error_log.php
CODE: $this->response->addheader('Content-Disposition: attachment; filename=' . $this->config->get('config_name') . '_' . date('Y-m-d_H-i-s', time()) . '_error.log');
LINE: 95
FILE: admin/view/template/design/banner_form.tpl
CODE: html += '  <td class="text-right" style="width: 10%;><input type="text" name="banner_image[' + image_row + '][sort_order]" value="" placeholder="<?php echo $entry_sort_order; ?>" class="form-control" /></td>';
LINE: 106
----------------------------------------------------------------
Modification::refresh - Processing 'Bugfixes for ControllerUserUserPermission'
Modification::refresh - Done 'Bugfixes for ControllerUserUserPermission'
----------------------------------------------------------------
Modification::refresh - Processing 'Mega Filter PRO'
Modification::refresh - SEARCH NOT FOUND (SKIPPED):
  file name = 'C:/xampp/htdocs/VIF/catalog/controller/common/column_left.php'
  search = 'if (isset($part[1]) && isset($setting[$part[1]])) {'
Modification::refresh - SEARCH NOT FOUND (SKIPPED):
  file name = 'C:/xampp/htdocs/VIF/catalog/controller/common/column_right.php'
  search = 'if (isset($part[1]) && isset($setting[$part[1]])) {'
Modification::refresh - SEARCH NOT FOUND (SKIPPED):
  file name = 'C:/xampp/htdocs/VIF/catalog/controller/common/content_top.php'
  search = 'if (isset($part[1]) && isset($setting[$part[1]])) {'
Modification::refresh - SEARCH NOT FOUND (SKIPPED):
  file name = 'C:/xampp/htdocs/VIF/catalog/model/catalog/product.php'
  search = '$this->db->query("SELECT COUNT(DISTINCT ps.product_id) AS total FROM " . DB_PREFIX . "product_special ps LEFT JOIN " . DB_PREFIX . "product p ON (ps.product_id = p.product_id) LEFT JOIN " . DB_PREFIX . "product_to_store p2s ON (p.product_id = p2s.product_id) WHERE p.status = '1' AND p.date_available <= NOW() AND p2s.store_id = '" . (int)$this->config->get('config_store_id') . "' AND ps.customer_group_id = '" . (int)$customer_group_id . "' AND ((ps.date_start = '0000-00-00' OR ps.date_start < NOW()) AND (ps.date_end = '0000-00-00' OR ps.date_end > NOW()))");'
Modification::refresh - SEARCH NOT FOUND (SKIPPED):
  file name = 'C:/xampp/htdocs/VIF/catalog/model/catalog/product.php'
  search = '$query = $this->db->query("SELECT COUNT(DISTINCT ps.product_id) AS total FROM " . DB_PREFIX . "product_special ps LEFT JOIN " . DB_PREFIX . "product p ON (ps.product_id = p.product_id) LEFT JOIN " . DB_PREFIX . "product_to_store p2s ON (p.product_id = p2s.product_id) WHERE p.status = '1' AND ( p.mod_customer_group_restrict IS NULL OR " . ( NULL != ( $cgrS = $this->config->get( 'customer_group_restrict' ) ) && $cgrS['mode_product'] == 'unavailable' ? 'NOT' : '' ) . " FIND_IN_SET( " . ( $this->customer->isLogged() ? (int) $this->customer->getGroupId() : $this->config->get('config_customer_group_id') ) . ", p.mod_customer_group_restrict )) AND p.date_available <= NOW() AND p2s.store_id = '" . (int)$this->config->get('config_store_id') . "' AND ps.customer_group_id = '" . (int)$customer_group_id . "' AND ((ps.date_start = '0000-00-00' OR ps.date_start < NOW()) AND (ps.date_end = '0000-00-00' OR ps.date_end > NOW()))");'
Modification::refresh - SEARCH NOT FOUND (SKIPPED):
  file name = 'C:/xampp/htdocs/VIF/catalog/model/catalog/product.php'
  search = '$cache = md5(http_build_query($data));'
Modification::refresh - Done 'Mega Filter PRO'
----------------------------------------------------------------
MOD: News
CODE: <li><a href="<?php echo $feed; ?>"><?php echo $text_feed; ?></a></li>
LINE: 35
FILE: admin/controller/common/menu.php
CODE: $data['feed'] = $this->url->link('extension/feed', 'token=' . $this->session->data['token'], 'SSL');
LINE: 132
FILE: catalog/controller/common/footer.php
CODE: $data['text_account']
NOT FOUND!
FILE: catalog/language/english/common/footer.php
CODE: $_
LINE: 6
FILE: catalog/language/russian/common/footer.php
CODE: $_
LINE: 6
FILE: catalog/view/theme/default/template/common/footer.tpl
CODE: <li><a href="<?php echo $voucher; ?>"><?php echo $text_voucher; ?></a></li>
LINE: 28
FILE: catalog/controller/common/seo_url.php
CODE: if ($url[0] == 'information_id') {
LINE: 37
CODE: } elseif (isset($this->request->get['information_id'])) {
LINE: 61
CODE: if (($data['route'] == 'product/product' && $key == 'product_id') || (($data['route'] == 'product/manufacturer/info' || $data['route'] == 'product/product') && $key == 'manufacturer_id') || ($data['route'] == 'information/information' && $key == 'information_id')) {
LINE: 115
CODE: if ($query->row['query'] && $url[0] != 'information_id' && $url[0] != 'manufacturer_id' && $url[0] != 'category_id' && $url[0] != 'product_id') {
LINE: 41
FILE: admin/controller/common/dashboard.php
CODE: function index()
LINE: 7
FILE: admin/view/template/common/dashboard.tpl
CODE: <?php if ($error_install) { ?>
LINE: 24
----------------------------------------------------------------
2016-01-18 16:01:10 - MOD: Modification Default
FILE: system/engine/action.php
REGEX: ~(require|include)(_once)?\(([^)]+)~
LINE: 39
FILE: system/engine/loader.php
REGEX: ~(require|include)(_once)?\(([^)]+)~
LINE: 20
LINE: 59
LINE: 80
LINE: 99
FILE: system/library/config.php
REGEX: ~(require|include)(_once)?\(([^)]+)~
LINE: 23
FILE: system/library/language.php
REGEX: ~(require|include)(_once)?\(([^)]+)~
LINE: 25
LINE: 31
----------------------------------------------------------------
MOD: Tweak for OpenCart 2x Russkaya sborka
FILE: admin/view/template/common/header.tpl
CODE: <?php foreach ($links as $link) { ?>
LINE: 35
CODE: <script type="text/javascript" src="view/javascript/summernote/summernote.js"></script>
LINE: 18
CODE: <li><a href="http://www.opencart.com" target="_blank"><?php echo $text_homepage; ?></a></li>
LINE: 80
CODE: <li><a href="http://docs.opencart.com" target="_blank"><?php echo $text_documentation; ?></a></li>
LINE: 83
CODE: <li><a href="http://forum.opencart.com" target="_blank"><?php echo $text_support; ?></a></li>
LINE: 86
FILE: admin/view/template/catalog/product_form.tpl
CODE: <label class="col-sm-2 control-label" for="input-sku"><span data-toggle="tooltip" title="<?php echo $help_sku; ?>"><?php echo $entry_sku; ?></span></label>
LINE: 116
CODE: <label class="col-sm-2 control-label" for="input-sku">
LINE: 122
CODE: <label class="col-sm-2 control-label" for="input-location"><?php echo $entry_location; ?></label>
LINE: 162
CODE: <input type="text" name="model" value="<?php echo $model; ?>" placeholder="<?php echo $entry_model; ?>" id="input-model" class="form-control" />
LINE: 108
FILE: admin/view/template/common/menu.tpl
CODE: <li><a href="<?php echo $analytics; ?>"><?php echo $text_analytics; ?></a></li>
LINE: 25
CODE: <li><a href="<?php echo $total; ?>"><?php echo $text_total; ?></a></li>
LINE: 36
FILE: admin/model/catalog/category.php
CODE: if (isset($data['keyword'])) {
LINE: 49
FILE: admin/controller/tool/backup.php
CODE: $data['entry_backup'] = $this->language->get('entry_backup');
LINE: 38
FILE: admin/controller\tool\error_log.php
CODE: $this->response->addheader('Content-Disposition: attachment; filename=' . $this->config->get('config_name') . '_' . date('Y-m-d_H-i-s', time()) . '_error.log');
LINE: 95
FILE: admin/view/template/design/banner_form.tpl
CODE: html += '  <td class="text-right" style="width: 10%;><input type="text" name="banner_image[' + image_row + '][sort_order]" value="" placeholder="<?php echo $entry_sort_order; ?>" class="form-control" /></td>';
LINE: 106
----------------------------------------------------------------
Modification::refresh - Processing 'Bugfixes for ControllerUserUserPermission'
Modification::refresh - Done 'Bugfixes for ControllerUserUserPermission'
----------------------------------------------------------------
Modification::refresh - Processing 'Mega Filter PRO'
Modification::refresh - SEARCH NOT FOUND (SKIPPED):
  file name = 'C:/xampp/htdocs/VIF/catalog/controller/common/column_left.php'
  search = 'if (isset($part[1]) && isset($setting[$part[1]])) {'
Modification::refresh - SEARCH NOT FOUND (SKIPPED):
  file name = 'C:/xampp/htdocs/VIF/catalog/controller/common/column_right.php'
  search = 'if (isset($part[1]) && isset($setting[$part[1]])) {'
Modification::refresh - SEARCH NOT FOUND (SKIPPED):
  file name = 'C:/xampp/htdocs/VIF/catalog/controller/common/content_top.php'
  search = 'if (isset($part[1]) && isset($setting[$part[1]])) {'
Modification::refresh - SEARCH NOT FOUND (SKIPPED):
  file name = 'C:/xampp/htdocs/VIF/catalog/model/catalog/product.php'
  search = '$this->db->query("SELECT COUNT(DISTINCT ps.product_id) AS total FROM " . DB_PREFIX . "product_special ps LEFT JOIN " . DB_PREFIX . "product p ON (ps.product_id = p.product_id) LEFT JOIN " . DB_PREFIX . "product_to_store p2s ON (p.product_id = p2s.product_id) WHERE p.status = '1' AND p.date_available <= NOW() AND p2s.store_id = '" . (int)$this->config->get('config_store_id') . "' AND ps.customer_group_id = '" . (int)$customer_group_id . "' AND ((ps.date_start = '0000-00-00' OR ps.date_start < NOW()) AND (ps.date_end = '0000-00-00' OR ps.date_end > NOW()))");'
Modification::refresh - SEARCH NOT FOUND (SKIPPED):
  file name = 'C:/xampp/htdocs/VIF/catalog/model/catalog/product.php'
  search = '$query = $this->db->query("SELECT COUNT(DISTINCT ps.product_id) AS total FROM " . DB_PREFIX . "product_special ps LEFT JOIN " . DB_PREFIX . "product p ON (ps.product_id = p.product_id) LEFT JOIN " . DB_PREFIX . "product_to_store p2s ON (p.product_id = p2s.product_id) WHERE p.status = '1' AND ( p.mod_customer_group_restrict IS NULL OR " . ( NULL != ( $cgrS = $this->config->get( 'customer_group_restrict' ) ) && $cgrS['mode_product'] == 'unavailable' ? 'NOT' : '' ) . " FIND_IN_SET( " . ( $this->customer->isLogged() ? (int) $this->customer->getGroupId() : $this->config->get('config_customer_group_id') ) . ", p.mod_customer_group_restrict )) AND p.date_available <= NOW() AND p2s.store_id = '" . (int)$this->config->get('config_store_id') . "' AND ps.customer_group_id = '" . (int)$customer_group_id . "' AND ((ps.date_start = '0000-00-00' OR ps.date_start < NOW()) AND (ps.date_end = '0000-00-00' OR ps.date_end > NOW()))");'
Modification::refresh - SEARCH NOT FOUND (SKIPPED):
  file name = 'C:/xampp/htdocs/VIF/catalog/model/catalog/product.php'
  search = '$cache = md5(http_build_query($data));'
Modification::refresh - Done 'Mega Filter PRO'
----------------------------------------------------------------
MOD: News
CODE: <li><a href="<?php echo $feed; ?>"><?php echo $text_feed; ?></a></li>
LINE: 35
FILE: admin/controller/common/menu.php
CODE: $data['feed'] = $this->url->link('extension/feed', 'token=' . $this->session->data['token'], 'SSL');
LINE: 132
FILE: catalog/controller/common/footer.php
CODE: $data['text_account']
NOT FOUND!
FILE: catalog/language/english/common/footer.php
CODE: $_
LINE: 6
FILE: catalog/language/russian/common/footer.php
CODE: $_
LINE: 6
FILE: catalog/view/theme/default/template/common/footer.tpl
CODE: <li><a href="<?php echo $voucher; ?>"><?php echo $text_voucher; ?></a></li>
LINE: 28
FILE: catalog/controller/common/seo_url.php
CODE: if ($url[0] == 'information_id') {
LINE: 37
CODE: } elseif (isset($this->request->get['information_id'])) {
LINE: 61
CODE: if (($data['route'] == 'product/product' && $key == 'product_id') || (($data['route'] == 'product/manufacturer/info' || $data['route'] == 'product/product') && $key == 'manufacturer_id') || ($data['route'] == 'information/information' && $key == 'information_id')) {
LINE: 115
CODE: if ($query->row['query'] && $url[0] != 'information_id' && $url[0] != 'manufacturer_id' && $url[0] != 'category_id' && $url[0] != 'product_id') {
LINE: 41
FILE: admin/controller/common/dashboard.php
CODE: function index()
LINE: 7
FILE: admin/view/template/common/dashboard.tpl
CODE: <?php if ($error_install) { ?>
LINE: 24
----------------------------------------------------------------
2016-01-19 15:31:20 - MOD: Modification Default
FILE: system/engine/action.php
REGEX: ~(require|include)(_once)?\(([^)]+)~
LINE: 39
FILE: system/engine/loader.php
REGEX: ~(require|include)(_once)?\(([^)]+)~
LINE: 20
LINE: 59
LINE: 80
LINE: 99
FILE: system/library/config.php
REGEX: ~(require|include)(_once)?\(([^)]+)~
LINE: 23
FILE: system/library/language.php
REGEX: ~(require|include)(_once)?\(([^)]+)~
LINE: 25
LINE: 31
----------------------------------------------------------------
MOD: Tweak for OpenCart 2x Russkaya sborka
FILE: admin/view/template/common/header.tpl
CODE: <?php foreach ($links as $link) { ?>
LINE: 35
CODE: <script type="text/javascript" src="view/javascript/summernote/summernote.js"></script>
LINE: 18
CODE: <li><a href="http://www.opencart.com" target="_blank"><?php echo $text_homepage; ?></a></li>
LINE: 80
CODE: <li><a href="http://docs.opencart.com" target="_blank"><?php echo $text_documentation; ?></a></li>
LINE: 83
CODE: <li><a href="http://forum.opencart.com" target="_blank"><?php echo $text_support; ?></a></li>
LINE: 86
FILE: admin/view/template/catalog/product_form.tpl
CODE: <label class="col-sm-2 control-label" for="input-sku"><span data-toggle="tooltip" title="<?php echo $help_sku; ?>"><?php echo $entry_sku; ?></span></label>
LINE: 116
CODE: <label class="col-sm-2 control-label" for="input-sku">
LINE: 122
CODE: <label class="col-sm-2 control-label" for="input-location"><?php echo $entry_location; ?></label>
LINE: 162
CODE: <input type="text" name="model" value="<?php echo $model; ?>" placeholder="<?php echo $entry_model; ?>" id="input-model" class="form-control" />
LINE: 108
FILE: admin/view/template/common/menu.tpl
CODE: <li><a href="<?php echo $analytics; ?>"><?php echo $text_analytics; ?></a></li>
LINE: 25
CODE: <li><a href="<?php echo $total; ?>"><?php echo $text_total; ?></a></li>
LINE: 36
FILE: admin/model/catalog/category.php
CODE: if (isset($data['keyword'])) {
LINE: 49
FILE: admin/controller/tool/backup.php
CODE: $data['entry_backup'] = $this->language->get('entry_backup');
LINE: 38
FILE: admin/controller\tool\error_log.php
CODE: $this->response->addheader('Content-Disposition: attachment; filename=' . $this->config->get('config_name') . '_' . date('Y-m-d_H-i-s', time()) . '_error.log');
LINE: 95
FILE: admin/view/template/design/banner_form.tpl
CODE: html += '  <td class="text-right" style="width: 10%;><input type="text" name="banner_image[' + image_row + '][sort_order]" value="" placeholder="<?php echo $entry_sort_order; ?>" class="form-control" /></td>';
LINE: 106
----------------------------------------------------------------
Modification::refresh - Processing 'Bugfixes for ControllerUserUserPermission'
Modification::refresh - Done 'Bugfixes for ControllerUserUserPermission'
----------------------------------------------------------------
Modification::refresh - Processing 'Mega Filter PRO'
Modification::refresh - SEARCH NOT FOUND (SKIPPED):
  file name = 'C:/xampp/htdocs/VIF/catalog/controller/common/column_left.php'
  search = 'if (isset($part[1]) && isset($setting[$part[1]])) {'
Modification::refresh - SEARCH NOT FOUND (SKIPPED):
  file name = 'C:/xampp/htdocs/VIF/catalog/controller/common/column_right.php'
  search = 'if (isset($part[1]) && isset($setting[$part[1]])) {'
Modification::refresh - SEARCH NOT FOUND (SKIPPED):
  file name = 'C:/xampp/htdocs/VIF/catalog/controller/common/content_top.php'
  search = 'if (isset($part[1]) && isset($setting[$part[1]])) {'
Modification::refresh - SEARCH NOT FOUND (SKIPPED):
  file name = 'C:/xampp/htdocs/VIF/catalog/model/catalog/product.php'
  search = '$this->db->query("SELECT COUNT(DISTINCT ps.product_id) AS total FROM " . DB_PREFIX . "product_special ps LEFT JOIN " . DB_PREFIX . "product p ON (ps.product_id = p.product_id) LEFT JOIN " . DB_PREFIX . "product_to_store p2s ON (p.product_id = p2s.product_id) WHERE p.status = '1' AND p.date_available <= NOW() AND p2s.store_id = '" . (int)$this->config->get('config_store_id') . "' AND ps.customer_group_id = '" . (int)$customer_group_id . "' AND ((ps.date_start = '0000-00-00' OR ps.date_start < NOW()) AND (ps.date_end = '0000-00-00' OR ps.date_end > NOW()))");'
Modification::refresh - SEARCH NOT FOUND (SKIPPED):
  file name = 'C:/xampp/htdocs/VIF/catalog/model/catalog/product.php'
  search = '$query = $this->db->query("SELECT COUNT(DISTINCT ps.product_id) AS total FROM " . DB_PREFIX . "product_special ps LEFT JOIN " . DB_PREFIX . "product p ON (ps.product_id = p.product_id) LEFT JOIN " . DB_PREFIX . "product_to_store p2s ON (p.product_id = p2s.product_id) WHERE p.status = '1' AND ( p.mod_customer_group_restrict IS NULL OR " . ( NULL != ( $cgrS = $this->config->get( 'customer_group_restrict' ) ) && $cgrS['mode_product'] == 'unavailable' ? 'NOT' : '' ) . " FIND_IN_SET( " . ( $this->customer->isLogged() ? (int) $this->customer->getGroupId() : $this->config->get('config_customer_group_id') ) . ", p.mod_customer_group_restrict )) AND p.date_available <= NOW() AND p2s.store_id = '" . (int)$this->config->get('config_store_id') . "' AND ps.customer_group_id = '" . (int)$customer_group_id . "' AND ((ps.date_start = '0000-00-00' OR ps.date_start < NOW()) AND (ps.date_end = '0000-00-00' OR ps.date_end > NOW()))");'
Modification::refresh - SEARCH NOT FOUND (SKIPPED):
  file name = 'C:/xampp/htdocs/VIF/catalog/model/catalog/product.php'
  search = '$cache = md5(http_build_query($data));'
Modification::refresh - Done 'Mega Filter PRO'
----------------------------------------------------------------
MOD: News
CODE: <li><a href="<?php echo $feed; ?>"><?php echo $text_feed; ?></a></li>
LINE: 35
FILE: admin/controller/common/menu.php
CODE: $data['feed'] = $this->url->link('extension/feed', 'token=' . $this->session->data['token'], 'SSL');
LINE: 132
FILE: catalog/controller/common/footer.php
CODE: $data['text_account']
NOT FOUND!
FILE: catalog/language/english/common/footer.php
CODE: $_
LINE: 6
FILE: catalog/language/russian/common/footer.php
CODE: $_
LINE: 6
FILE: catalog/view/theme/default/template/common/footer.tpl
CODE: <li><a href="<?php echo $voucher; ?>"><?php echo $text_voucher; ?></a></li>
LINE: 28
FILE: catalog/controller/common/seo_url.php
CODE: if ($url[0] == 'information_id') {
LINE: 37
CODE: } elseif (isset($this->request->get['information_id'])) {
LINE: 61
CODE: if (($data['route'] == 'product/product' && $key == 'product_id') || (($data['route'] == 'product/manufacturer/info' || $data['route'] == 'product/product') && $key == 'manufacturer_id') || ($data['route'] == 'information/information' && $key == 'information_id')) {
LINE: 115
CODE: if ($query->row['query'] && $url[0] != 'information_id' && $url[0] != 'manufacturer_id' && $url[0] != 'category_id' && $url[0] != 'product_id') {
LINE: 41
FILE: admin/controller/common/dashboard.php
CODE: function index()
LINE: 7
FILE: admin/view/template/common/dashboard.tpl
CODE: <?php if ($error_install) { ?>
LINE: 24
----------------------------------------------------------------
2016-01-19 17:47:45 - MOD: Modification Default
FILE: system/engine/action.php
REGEX: ~(require|include)(_once)?\(([^)]+)~
LINE: 39
FILE: system/engine/loader.php
REGEX: ~(require|include)(_once)?\(([^)]+)~
LINE: 20
LINE: 59
LINE: 80
LINE: 99
FILE: system/library/config.php
REGEX: ~(require|include)(_once)?\(([^)]+)~
LINE: 23
FILE: system/library/language.php
REGEX: ~(require|include)(_once)?\(([^)]+)~
LINE: 25
LINE: 31
----------------------------------------------------------------
MOD: Tweak for OpenCart 2x Russkaya sborka
FILE: admin/view/template/common/header.tpl
CODE: <?php foreach ($links as $link) { ?>
LINE: 35
CODE: <script type="text/javascript" src="view/javascript/summernote/summernote.js"></script>
LINE: 18
CODE: <li><a href="http://www.opencart.com" target="_blank"><?php echo $text_homepage; ?></a></li>
LINE: 80
CODE: <li><a href="http://docs.opencart.com" target="_blank"><?php echo $text_documentation; ?></a></li>
LINE: 83
CODE: <li><a href="http://forum.opencart.com" target="_blank"><?php echo $text_support; ?></a></li>
LINE: 86
FILE: admin/view/template/catalog/product_form.tpl
CODE: <label class="col-sm-2 control-label" for="input-sku"><span data-toggle="tooltip" title="<?php echo $help_sku; ?>"><?php echo $entry_sku; ?></span></label>
LINE: 116
CODE: <label class="col-sm-2 control-label" for="input-sku">
LINE: 122
CODE: <label class="col-sm-2 control-label" for="input-location"><?php echo $entry_location; ?></label>
LINE: 162
CODE: <input type="text" name="model" value="<?php echo $model; ?>" placeholder="<?php echo $entry_model; ?>" id="input-model" class="form-control" />
LINE: 108
FILE: admin/view/template/common/menu.tpl
CODE: <li><a href="<?php echo $analytics; ?>"><?php echo $text_analytics; ?></a></li>
LINE: 25
CODE: <li><a href="<?php echo $total; ?>"><?php echo $text_total; ?></a></li>
LINE: 36
FILE: admin/model/catalog/category.php
CODE: if (isset($data['keyword'])) {
LINE: 49
FILE: admin/controller/tool/backup.php
CODE: $data['entry_backup'] = $this->language->get('entry_backup');
LINE: 38
FILE: admin/controller\tool\error_log.php
CODE: $this->response->addheader('Content-Disposition: attachment; filename=' . $this->config->get('config_name') . '_' . date('Y-m-d_H-i-s', time()) . '_error.log');
LINE: 95
FILE: admin/view/template/design/banner_form.tpl
CODE: html += '  <td class="text-right" style="width: 10%;><input type="text" name="banner_image[' + image_row + '][sort_order]" value="" placeholder="<?php echo $entry_sort_order; ?>" class="form-control" /></td>';
LINE: 106
----------------------------------------------------------------
Modification::refresh - Processing 'Bugfixes for ControllerUserUserPermission'
Modification::refresh - Done 'Bugfixes for ControllerUserUserPermission'
----------------------------------------------------------------
Modification::refresh - Processing 'Mega Filter PRO'
Modification::refresh - SEARCH NOT FOUND (SKIPPED):
  file name = 'C:/xampp/htdocs/VIF/catalog/controller/common/column_left.php'
  search = 'if (isset($part[1]) && isset($setting[$part[1]])) {'
Modification::refresh - SEARCH NOT FOUND (SKIPPED):
  file name = 'C:/xampp/htdocs/VIF/catalog/controller/common/column_right.php'
  search = 'if (isset($part[1]) && isset($setting[$part[1]])) {'
Modification::refresh - SEARCH NOT FOUND (SKIPPED):
  file name = 'C:/xampp/htdocs/VIF/catalog/controller/common/content_top.php'
  search = 'if (isset($part[1]) && isset($setting[$part[1]])) {'
Modification::refresh - SEARCH NOT FOUND (SKIPPED):
  file name = 'C:/xampp/htdocs/VIF/catalog/model/catalog/product.php'
  search = '$this->db->query("SELECT COUNT(DISTINCT ps.product_id) AS total FROM " . DB_PREFIX . "product_special ps LEFT JOIN " . DB_PREFIX . "product p ON (ps.product_id = p.product_id) LEFT JOIN " . DB_PREFIX . "product_to_store p2s ON (p.product_id = p2s.product_id) WHERE p.status = '1' AND p.date_available <= NOW() AND p2s.store_id = '" . (int)$this->config->get('config_store_id') . "' AND ps.customer_group_id = '" . (int)$customer_group_id . "' AND ((ps.date_start = '0000-00-00' OR ps.date_start < NOW()) AND (ps.date_end = '0000-00-00' OR ps.date_end > NOW()))");'
Modification::refresh - SEARCH NOT FOUND (SKIPPED):
  file name = 'C:/xampp/htdocs/VIF/catalog/model/catalog/product.php'
  search = '$query = $this->db->query("SELECT COUNT(DISTINCT ps.product_id) AS total FROM " . DB_PREFIX . "product_special ps LEFT JOIN " . DB_PREFIX . "product p ON (ps.product_id = p.product_id) LEFT JOIN " . DB_PREFIX . "product_to_store p2s ON (p.product_id = p2s.product_id) WHERE p.status = '1' AND ( p.mod_customer_group_restrict IS NULL OR " . ( NULL != ( $cgrS = $this->config->get( 'customer_group_restrict' ) ) && $cgrS['mode_product'] == 'unavailable' ? 'NOT' : '' ) . " FIND_IN_SET( " . ( $this->customer->isLogged() ? (int) $this->customer->getGroupId() : $this->config->get('config_customer_group_id') ) . ", p.mod_customer_group_restrict )) AND p.date_available <= NOW() AND p2s.store_id = '" . (int)$this->config->get('config_store_id') . "' AND ps.customer_group_id = '" . (int)$customer_group_id . "' AND ((ps.date_start = '0000-00-00' OR ps.date_start < NOW()) AND (ps.date_end = '0000-00-00' OR ps.date_end > NOW()))");'
Modification::refresh - SEARCH NOT FOUND (SKIPPED):
  file name = 'C:/xampp/htdocs/VIF/catalog/model/catalog/product.php'
  search = '$cache = md5(http_build_query($data));'
Modification::refresh - Done 'Mega Filter PRO'
----------------------------------------------------------------
MOD: News
CODE: <li><a href="<?php echo $feed; ?>"><?php echo $text_feed; ?></a></li>
LINE: 35
FILE: admin/controller/common/menu.php
CODE: $data['feed'] = $this->url->link('extension/feed', 'token=' . $this->session->data['token'], 'SSL');
LINE: 132
FILE: catalog/controller/common/footer.php
CODE: $data['text_account']
NOT FOUND!
FILE: catalog/language/english/common/footer.php
CODE: $_
LINE: 6
FILE: catalog/language/russian/common/footer.php
CODE: $_
LINE: 6
FILE: catalog/view/theme/default/template/common/footer.tpl
CODE: <li><a href="<?php echo $voucher; ?>"><?php echo $text_voucher; ?></a></li>
LINE: 28
FILE: catalog/controller/common/seo_url.php
CODE: if ($url[0] == 'information_id') {
LINE: 37
CODE: } elseif (isset($this->request->get['information_id'])) {
LINE: 61
CODE: if (($data['route'] == 'product/product' && $key == 'product_id') || (($data['route'] == 'product/manufacturer/info' || $data['route'] == 'product/product') && $key == 'manufacturer_id') || ($data['route'] == 'information/information' && $key == 'information_id')) {
LINE: 115
CODE: if ($query->row['query'] && $url[0] != 'information_id' && $url[0] != 'manufacturer_id' && $url[0] != 'category_id' && $url[0] != 'product_id') {
LINE: 41
FILE: admin/controller/common/dashboard.php
CODE: function index()
LINE: 7
FILE: admin/view/template/common/dashboard.tpl
CODE: <?php if ($error_install) { ?>
LINE: 24
----------------------------------------------------------------
